<?xml version="1.0" encoding="UTF-8"?>
<testsuites name="Corporate" time="505.378" tests="29" failures="0" errors="0">
   <testsuite name="Corporate" tests="29" failures="0" errors="0" time="505.378" skipped="0" timestamp="17-01-2025T17:04:31" hostname="P251224001 - BAF0120161599V.bussan.co.id" id="Test Suites/Corporate">
      <properties>
         <property name="deviceName" value=""/>
         <property name="devicePlatform"/>
         <property name="logFolder" value="C:\\Users\\P251224001\\git\\BAF-website\\Reports\\20250117_170425\\Corporate\\20250117_170425"/>
         <property name="logFiles" value="C:\\Users\\P251224001\\git\\BAF-website\\Reports\\20250117_170425\\Corporate\\20250117_170425\\execution0.log"/>
         <property name="attachments" value="C:\\Users\\P251224001\\git\\BAF-website\\Reports\\20250117_170425\\Corporate\\20250117_170425\\1737108737234.png"/>
         <property name="hostName" value="P251224001 - BAF0120161599V.bussan.co.id"/>
         <property name="os" value="Windows 11 64bit"/>
         <property name="katalonVersion" value="10.0.1.223"/>
         <property name="browser" value="Chrome 131.0.0.0"/>
         <property name="hostAddress" value="10.1.214.138"/>
         <property name="sessionId" value="1e1019c1265faa60e377617306944e37"/>
         <property name="seleniumVersion" value="4.22.0"/>
         <property name="proxyInformation" value="ProxyInformation { proxyOption=NO_PROXY, proxyServerType=HTTP, username=, password=********, proxyServerAddress=, proxyServerPort=0, executionList=&quot;&quot;, isApplyToDesiredCapabilities=true }"/>
         <property name="platform" value="Windows 11"/>
      </properties>
      <testcase name="Test Cases/Corporate/RegressionTest_VerifyCorporatePage_ElementsArePresent" time="26.309" classname="Test Cases/Corporate/RegressionTest_VerifyCorporatePage_ElementsArePresent" status="PASSED">
         <system-out><![CDATA[17-01-2025T17:04:41 - [TEST_CASE][PASSED] - Test Cases/Corporate/RegressionTest_VerifyCorporatePage_ElementsArePresent: Test Cases/Corporate/RegressionTest_VerifyCorporatePage_ElementsArePresent

17-01-2025T17:04:42 - [TEST_STEP][PASSED] - Start listener action : BeforeTestCase: null

17-01-2025T17:04:42 - [TEST_STEP][PASSED] - click(findTestObject("link_Content", ["href":"/corporate", "text":"Corporate"])): Object: 'Object Repository/link_Content' is clicked on

17-01-2025T17:04:44 - [MESSAGE][PASSED] - Object: 'Object Repository/link_Content' is clicked on

17-01-2025T17:04:44 - [TEST_STEP][PASSED] - verifyElementPresent(findTestObject("var_Content", ["xpath":"//body[1]/div[1]/main[1]/main[1]/div[1]/div[1]/div[1]/div[1]/img[1]"]), 10): Object 'Object Repository/var_Content' is present

17-01-2025T17:04:55 - [MESSAGE][PASSED] - Object 'Object Repository/var_Content' is present

17-01-2025T17:04:55 - [TEST_STEP][PASSED] - scrollToElement(findTestObject("var_Content", ["xpath":"//body[1]/div[1]/main[1]/main[1]/div[1]/div[1]/ol[1]"]), 10): Scroll to object 'Object Repository/var_Content' successfully

17-01-2025T17:04:56 - [MESSAGE][PASSED] - Scroll to object 'Object Repository/var_Content' successfully

17-01-2025T17:04:56 - [TEST_STEP][PASSED] - verifyElementPresent(findTestObject("lbl_Content", ["text":"Company Profile Video"]), 10): Object 'Object Repository/lbl_Content' is present

17-01-2025T17:04:57 - [MESSAGE][PASSED] - Object 'Object Repository/lbl_Content' is present

17-01-2025T17:04:57 - [TEST_STEP][PASSED] - verifyElementPresent(findTestObject("var_Content", ["xpath":"//body[1]/div[1]/main[1]/main[1]/section[1]/div[1]/div[1]/div[1]/div[1]/p[1]"]), 10): Object 'Object Repository/var_Content' is present

17-01-2025T17:04:58 - [MESSAGE][PASSED] - Object 'Object Repository/var_Content' is present

17-01-2025T17:04:58 - [TEST_STEP][PASSED] - click(findTestObject("link_Content", ["href":"https://www.youtube.com/watch?v=_0-hV5gwpwU", "text":"Let's watch"])): Object: 'Object Repository/link_Content' is clicked on

17-01-2025T17:04:58 - [MESSAGE][PASSED] - Object: 'Object Repository/link_Content' is clicked on

17-01-2025T17:04:58 - [TEST_STEP][PASSED] - verifyLinksAccessible(["https://www.youtube.com/watch?v=_0-hV5gwpwU"]): All links are accessible

17-01-2025T17:05:06 - [MESSAGE][INFO] - HAR: C:\Users\P251224001\git\BAF-website\Reports\20250117_170425\Corporate\20250117_170425\requests\main\0.har

17-01-2025T17:05:07 - [MESSAGE][PASSED] - Send request successfully

17-01-2025T17:05:07 - [MESSAGE][PASSED] - All links are accessible

17-01-2025T17:05:07 - [TEST_STEP][PASSED] - closeWindowIndex(1): Window with index 1 is closed

17-01-2025T17:05:07 - [MESSAGE][PASSED] - Window with index 1 is closed

17-01-2025T17:05:07 - [TEST_STEP][PASSED] - switchToWindowIndex(0): Switched to window with index: '0'

17-01-2025T17:05:07 - [MESSAGE][PASSED] - Switched to window with index: '0'

17-01-2025T17:05:07 - [TEST_STEP][PASSED] - scrollToElement(findTestObject("var_Content", ["xpath":"//body[1]/div[1]/main[1]/main[1]/section[1]"]), 10): Scroll to object 'Object Repository/var_Content' successfully

17-01-2025T17:05:07 - [MESSAGE][PASSED] - Scroll to object 'Object Repository/var_Content' successfully

17-01-2025T17:05:07 - [TEST_STEP][PASSED] - verifyElementPresent(findTestObject("lbl_Content", ["text":"PROMOS AND LATEST NEWS"]), 10): Object 'Object Repository/lbl_Content' is present

17-01-2025T17:05:08 - [MESSAGE][PASSED] - Object 'Object Repository/lbl_Content' is present

17-01-2025T17:05:08 - [TEST_STEP][PASSED] - verifyElementPresent(findTestObject("var_Content", ["xpath":"//body[1]/div[1]/main[1]/main[1]/div[2]/div[3]/ul[1]/li[1]/div[1]"]), 10): Object 'Object Repository/var_Content' is present

17-01-2025T17:05:08 - [MESSAGE][PASSED] - Object 'Object Repository/var_Content' is present

17-01-2025T17:05:08 - [TEST_STEP][PASSED] - Start listener action : AfterTestCase: null]]></system-out>
         <system-err><![CDATA[]]></system-err>
      </testcase>
      <testcase name="Test Cases/Corporate/RegressionTest_VerifyAboutUsPage_ElementsArePresent" time="59.349" classname="Test Cases/Corporate/RegressionTest_VerifyAboutUsPage_ElementsArePresent" status="PASSED">
         <system-out><![CDATA[17-01-2025T17:05:08 - [TEST_CASE][PASSED] - Test Cases/Corporate/RegressionTest_VerifyAboutUsPage_ElementsArePresent: Test Cases/Corporate/RegressionTest_VerifyAboutUsPage_ElementsArePresent

17-01-2025T17:05:08 - [TEST_STEP][PASSED] - Start listener action : BeforeTestCase: null

17-01-2025T17:05:08 - [TEST_STEP][NOT_RUN] - click(findTestObject("link_Content", ["href":"/corporate", "text":"Corporate"])): NOT_RUN: click(findTestObject("link_Content", ["href":"/corporate", "text":"Corporate"]))

17-01-2025T17:05:08 - [MESSAGE][NOT_RUN] - NOT_RUN: click(findTestObject("link_Content", ["href":"/corporate", "text":"Corporate"]))

17-01-2025T17:05:08 - [TEST_STEP][PASSED] - click(findTestObject("link_Content", ["href":"/en/corporate/aboutus", "text":"About Us"])): Object: 'Object Repository/link_Content' is clicked on

17-01-2025T17:05:09 - [MESSAGE][PASSED] - Object: 'Object Repository/link_Content' is clicked on

17-01-2025T17:05:09 - [TEST_STEP][PASSED] - verifyElementPresent(findTestObject("var_Content", ["xpath":"//body[1]/div[1]/main[1]/main[1]/div[1]/div[1]/div[1]/div[1]/img[1]"]), 10): Object 'Object Repository/var_Content' is present

17-01-2025T17:05:18 - [MESSAGE][PASSED] - Object 'Object Repository/var_Content' is present

17-01-2025T17:05:18 - [TEST_STEP][PASSED] - verifyElementPresent(findTestObject("img_Content", ["src":"/_next/image?url=%2Fstatic%2Fimages%2Fimage%2Fbaf_plaza_fq.webp&w=828&q=75"]), 10): Object 'Object Repository/img_Content' is present

17-01-2025T17:05:18 - [MESSAGE][PASSED] - Object 'Object Repository/img_Content' is present

17-01-2025T17:05:18 - [TEST_STEP][PASSED] - click(findTestObject("link_Content", ["href":"#", "text":"BAF AT A GLANCE"])): Object: 'Object Repository/link_Content' is clicked on

17-01-2025T17:05:18 - [MESSAGE][PASSED] - Object: 'Object Repository/link_Content' is clicked on

17-01-2025T17:05:18 - [TEST_STEP][PASSED] - scrollToElement(findTestObject("var_Content", ["xpath":"//body[1]/div[1]/main[1]/main[1]/div[1]/div[1]/ol[1]"]), 10): Scroll to object 'Object Repository/var_Content' successfully

17-01-2025T17:05:19 - [MESSAGE][PASSED] - Scroll to object 'Object Repository/var_Content' successfully

17-01-2025T17:05:19 - [TEST_STEP][PASSED] - verifyElementPresent(findTestObject("img_Content", ["src":"/_next/image?url=%2Fstatic%2Fimages%2Fimage%2FMilestoneBAF2023_EN.jpg&w=3840&q=75"]), 10): Object 'Object Repository/img_Content' is present

17-01-2025T17:05:20 - [MESSAGE][PASSED] - Object 'Object Repository/img_Content' is present

17-01-2025T17:05:20 - [TEST_STEP][PASSED] - focus(findTestObject("var_Content", ["xpath":"//body[1]/div[1]/main[1]/main[1]/div[2]/div[2]/div[1]/div[2]/div[1]/div[1]/div[1]/div[2]/button[1]"]), STOP_ON_FAILURE): Object: 'Object Repository/var_Content' is focused

17-01-2025T17:05:20 - [MESSAGE][PASSED] - Object: 'Object Repository/var_Content' is focused

17-01-2025T17:05:20 - [TEST_STEP][PASSED] - click(findTestObject("var_Content", ["xpath":"//body[1]/div[1]/main[1]/main[1]/div[2]/div[2]/div[1]/div[2]/div[1]/div[1]/div[1]/div[2]/button[1]"])): Object: 'Object Repository/var_Content' is clicked on

17-01-2025T17:05:20 - [MESSAGE][PASSED] - Object: 'Object Repository/var_Content' is clicked on

17-01-2025T17:05:20 - [TEST_STEP][PASSED] - verifyElementPresent(findTestObject("var_Content", ["xpath":"//body[1]/div[1]/main[1]/main[1]/div[2]/div[2]/div[1]/div[2]/div[1]/div[1]/div[1]/p[1]"]), 10): Object 'Object Repository/var_Content' is present

17-01-2025T17:05:21 - [MESSAGE][PASSED] - Object 'Object Repository/var_Content' is present

17-01-2025T17:05:21 - [TEST_STEP][PASSED] - focus(findTestObject("var_Content", ["xpath":"//body[1]/div[1]/main[1]/main[1]/div[2]/div[2]/div[1]/div[2]/div[1]/div[1]/div[1]/div[2]/button[1]"]), STOP_ON_FAILURE): Object: 'Object Repository/var_Content' is focused

17-01-2025T17:05:21 - [MESSAGE][PASSED] - Object: 'Object Repository/var_Content' is focused

17-01-2025T17:05:21 - [TEST_STEP][PASSED] - click(findTestObject("var_Content", ["xpath":"//body[1]/div[1]/main[1]/main[1]/div[2]/div[2]/div[1]/div[2]/div[1]/div[1]/div[1]/div[2]/button[1]"])): Object: 'Object Repository/var_Content' is clicked on

17-01-2025T17:05:22 - [MESSAGE][PASSED] - Object: 'Object Repository/var_Content' is clicked on

17-01-2025T17:05:22 - [TEST_STEP][PASSED] - focus(findTestObject("var_Content", ["xpath":"//body[1]/div[1]/main[1]/main[1]/div[2]/div[1]/div[2]"]), STOP_ON_FAILURE): Object: 'Object Repository/var_Content' is focused

17-01-2025T17:05:23 - [MESSAGE][PASSED] - Object: 'Object Repository/var_Content' is focused

17-01-2025T17:05:23 - [TEST_STEP][PASSED] - click(findTestObject("link_Content", ["href":"#", "text":"VISION, MISSION, & VALUES"])): Object: 'Object Repository/link_Content' is clicked on

17-01-2025T17:05:23 - [MESSAGE][PASSED] - Object: 'Object Repository/link_Content' is clicked on

17-01-2025T17:05:23 - [TEST_STEP][PASSED] - scrollToElement(findTestObject("var_Content", ["xpath":"//body[1]/div[1]/main[1]/main[1]/div[1]/div[1]/ol[1]"]), 10): Scroll to object 'Object Repository/var_Content' successfully

17-01-2025T17:05:24 - [MESSAGE][PASSED] - Scroll to object 'Object Repository/var_Content' successfully

17-01-2025T17:05:24 - [TEST_STEP][PASSED] - verifyElementPresent(findTestObject("img_Content", ["src":"/static/images/image/company-values/vision.svg"]), 10): Object 'Object Repository/img_Content' is present

17-01-2025T17:05:24 - [MESSAGE][PASSED] - Object 'Object Repository/img_Content' is present

17-01-2025T17:05:24 - [TEST_STEP][PASSED] - verifyElementPresent(findTestObject("lbl_Content", ["text":"VISION"]), 10): Object 'Object Repository/lbl_Content' is present

17-01-2025T17:05:24 - [MESSAGE][PASSED] - Object 'Object Repository/lbl_Content' is present

17-01-2025T17:05:24 - [TEST_STEP][PASSED] - scrollToElement(findTestObject("var_Content", ["xpath":"//body[1]/div[1]/main[1]/main[1]/div[2]/div[2]/div[1]/div[2]/div[1]/div[2]/div[1]/div[1]/div[1]/div[1]/h5[1]"]), 10): Scroll to object 'Object Repository/var_Content' successfully

17-01-2025T17:05:25 - [MESSAGE][PASSED] - Scroll to object 'Object Repository/var_Content' successfully

17-01-2025T17:05:25 - [TEST_STEP][PASSED] - verifyElementPresent(findTestObject("img_Content", ["src":"/static/images/image/company-values/mision.svg"]), 10): Object 'Object Repository/img_Content' is present

17-01-2025T17:05:25 - [MESSAGE][PASSED] - Object 'Object Repository/img_Content' is present

17-01-2025T17:05:25 - [TEST_STEP][PASSED] - verifyElementPresent(findTestObject("lbl_Content", ["text":"MISSION"]), 10): Object 'Object Repository/lbl_Content' is present

17-01-2025T17:05:25 - [MESSAGE][PASSED] - Object 'Object Repository/lbl_Content' is present

17-01-2025T17:05:25 - [TEST_STEP][PASSED] - verifyElementPresent(findTestObject("img_Content", ["src":"/static/images/image/company-values/visionary.svg"]), 10): Object 'Object Repository/img_Content' is present

17-01-2025T17:05:26 - [MESSAGE][PASSED] - Object 'Object Repository/img_Content' is present

17-01-2025T17:05:26 - [TEST_STEP][PASSED] - verifyElementPresent(findTestObject("lbl_Content", ["text":"VISIONARY"]), 10): Object 'Object Repository/lbl_Content' is present

17-01-2025T17:05:26 - [MESSAGE][PASSED] - Object 'Object Repository/lbl_Content' is present

17-01-2025T17:05:26 - [TEST_STEP][PASSED] - verifyElementPresent(findTestObject("img_Content", ["src":"/static/images/image/company-values/reliable.svg"]), 10): Object 'Object Repository/img_Content' is present

17-01-2025T17:05:26 - [MESSAGE][PASSED] - Object 'Object Repository/img_Content' is present

17-01-2025T17:05:26 - [TEST_STEP][PASSED] - verifyElementPresent(findTestObject("lbl_Content", ["text":"RELIABLE"]), 10): Object 'Object Repository/lbl_Content' is present

17-01-2025T17:05:26 - [MESSAGE][PASSED] - Object 'Object Repository/lbl_Content' is present

17-01-2025T17:05:26 - [TEST_STEP][PASSED] - verifyElementPresent(findTestObject("img_Content", ["src":"/static/images/image/company-values/accessible.svg"]), 10): Object 'Object Repository/img_Content' is present

17-01-2025T17:05:27 - [MESSAGE][PASSED] - Object 'Object Repository/img_Content' is present

17-01-2025T17:05:27 - [TEST_STEP][PASSED] - verifyElementPresent(findTestObject("lbl_Content", ["text":"ACCESSIBLE"]), 10): Object 'Object Repository/lbl_Content' is present

17-01-2025T17:05:27 - [MESSAGE][PASSED] - Object 'Object Repository/lbl_Content' is present

17-01-2025T17:05:27 - [TEST_STEP][PASSED] - scrollToElement(findTestObject("var_Content", ["xpath":"//body[1]/div[1]/main[1]/main[1]/div[1]/div[1]/ol[1]"]), 10): Scroll to object 'Object Repository/var_Content' successfully

17-01-2025T17:05:27 - [MESSAGE][PASSED] - Scroll to object 'Object Repository/var_Content' successfully

17-01-2025T17:05:27 - [TEST_STEP][PASSED] - click(findTestObject("link_Content", ["href":"#", "text":"ORGANIZATION STRUCTURE"])): Object: 'Object Repository/link_Content' is clicked on

17-01-2025T17:05:28 - [MESSAGE][PASSED] - Object: 'Object Repository/link_Content' is clicked on

17-01-2025T17:05:28 - [TEST_STEP][PASSED] - scrollToElement(findTestObject("var_Content", ["xpath":"//body[1]/div[1]/main[1]/main[1]/div[1]/div[1]/ol[1]"]), 10): Scroll to object 'Object Repository/var_Content' successfully

17-01-2025T17:05:29 - [MESSAGE][PASSED] - Scroll to object 'Object Repository/var_Content' successfully

17-01-2025T17:05:29 - [TEST_STEP][PASSED] - verifyElementPresent(findTestObject("lbl_Content", ["text":"ORGANIZATION STRUCTURE"]), 10): Object 'Object Repository/lbl_Content' is present

17-01-2025T17:05:29 - [MESSAGE][PASSED] - Object 'Object Repository/lbl_Content' is present

17-01-2025T17:05:29 - [TEST_STEP][PASSED] - verifyElementPresent(findTestObject("lbl_Content", ["text":"Organization Structure"]), 10): Object 'Object Repository/lbl_Content' is present

17-01-2025T17:05:30 - [MESSAGE][PASSED] - Object 'Object Repository/lbl_Content' is present

17-01-2025T17:05:30 - [TEST_STEP][PASSED] - verifyElementPresent(findTestObject("lbl_Content", ["text":"PT Bussan Auto Finance"]), 10): Object 'Object Repository/lbl_Content' is present

17-01-2025T17:05:30 - [MESSAGE][PASSED] - Object 'Object Repository/lbl_Content' is present

17-01-2025T17:05:30 - [TEST_STEP][PASSED] - verifyElementPresent(findTestObject("img_Content", ["src":"/_next/image?url=%2Fstatic%2Fimages%2Fimage%2Fstructure-organization.png&w=3840&q=75"]), 10): Object 'Object Repository/img_Content' is present

17-01-2025T17:05:30 - [MESSAGE][PASSED] - Object 'Object Repository/img_Content' is present

17-01-2025T17:05:30 - [TEST_STEP][PASSED] - click(findTestObject("link_Content", ["href":"#", "text":"SHAREHOLDER STRUCTURE"])): Object: 'Object Repository/link_Content' is clicked on

17-01-2025T17:05:31 - [MESSAGE][PASSED] - Object: 'Object Repository/link_Content' is clicked on

17-01-2025T17:05:31 - [TEST_STEP][PASSED] - scrollToElement(findTestObject("var_Content", ["xpath":"//body[1]/div[1]/main[1]/main[1]/div[1]/div[1]/ol[1]"]), 10): Scroll to object 'Object Repository/var_Content' successfully

17-01-2025T17:05:31 - [MESSAGE][PASSED] - Scroll to object 'Object Repository/var_Content' successfully

17-01-2025T17:05:31 - [TEST_STEP][PASSED] - verifyElementPresent(findTestObject("lbl_Content", ["text":"SHAREHOLDERS"]), 10): Object 'Object Repository/lbl_Content' is present

17-01-2025T17:05:32 - [MESSAGE][PASSED] - Object 'Object Repository/lbl_Content' is present

17-01-2025T17:05:32 - [TEST_STEP][PASSED] - verifyElementPresent(findTestObject("var_Content", ["xpath":"//body[1]/div[1]/main[1]/main[1]/div[2]/div[2]/div[1]/div[2]/div[1]/div[4]/div[1]/div[1]/div[1]/div[1]/div[1]/div[1]"]), 10): Object 'Object Repository/var_Content' is present

17-01-2025T17:05:32 - [MESSAGE][PASSED] - Object 'Object Repository/var_Content' is present

17-01-2025T17:05:32 - [TEST_STEP][PASSED] - click(findTestObject("link_Content", ["href":"#", "text":"BOARD OF COMMISSIONERS"])): Object: 'Object Repository/link_Content' is clicked on

17-01-2025T17:05:32 - [MESSAGE][PASSED] - Object: 'Object Repository/link_Content' is clicked on

17-01-2025T17:05:32 - [TEST_STEP][PASSED] - scrollToElement(findTestObject("var_Content", ["xpath":"//body[1]/div[1]/main[1]/main[1]/div[1]/div[1]/ol[1]"]), 10): Scroll to object 'Object Repository/var_Content' successfully

17-01-2025T17:05:33 - [MESSAGE][PASSED] - Scroll to object 'Object Repository/var_Content' successfully

17-01-2025T17:05:33 - [TEST_STEP][PASSED] - verifyElementPresent(findTestObject("img_Content", ["src":"/_next/image?url=%2Fstatic%2Fimages%2Fimage%2FBOC%2FToshiyuki-Kojima.png&w=384&q=75"]), 10): Object 'Object Repository/img_Content' is present

17-01-2025T17:05:34 - [MESSAGE][PASSED] - Object 'Object Repository/img_Content' is present

17-01-2025T17:05:34 - [TEST_STEP][PASSED] - verifyElementPresent(findTestObject("lbl_Content", ["text":"Toshiyuki Kojima"]), 10): Object 'Object Repository/lbl_Content' is present

17-01-2025T17:05:34 - [MESSAGE][PASSED] - Object 'Object Repository/lbl_Content' is present

17-01-2025T17:05:34 - [TEST_STEP][PASSED] - verifyElementPresent(findTestObject("lbl_Content", ["text":"President Commissioner"]), 10): Object 'Object Repository/lbl_Content' is present

17-01-2025T17:05:34 - [MESSAGE][PASSED] - Object 'Object Repository/lbl_Content' is present

17-01-2025T17:05:34 - [TEST_STEP][PASSED] - verifyElementPresent(findTestObject("lbl_Content", ["text":"Japan Citizen, born in 1974. He earned Bachelor’s degree from Keio University, Japan, majoring in School of Education in 1986."]), 10): Object 'Object Repository/lbl_Content' is present

17-01-2025T17:05:34 - [MESSAGE][PASSED] - Object 'Object Repository/lbl_Content' is present

17-01-2025T17:05:34 - [TEST_STEP][PASSED] - click(findTestObject("var_Content", ["xpath":"//body[1]/div[1]/main[1]/main[1]/div[2]/div[2]/div[1]/div[2]/div[1]/div[5]/div[1]/div[1]/div[2]/div[2]/button[1]"])): Object: 'Object Repository/var_Content' is clicked on

17-01-2025T17:05:35 - [MESSAGE][PASSED] - Object: 'Object Repository/var_Content' is clicked on

17-01-2025T17:05:35 - [TEST_STEP][PASSED] - verifyElementPresent(findTestObject("lbl_Content", ["text":"He has worked at Mitsui & Co. Ltd., Tokyo, Japan since 1997 and served in several positions under Mitsui Group, among others Executive Director & Chief Operating Officer Bussan Auto Finance India Pvt. Ltd. (2007-2009), Strategy Planning Yamaha Motor India Pvt. Ltd. (2009-2010), Automotive Strategy Department Mitsui & Co., Ltd. (2010-2013), Toyota Motor Corporation, Japan (2013-2015), and General Manager Divisi Third Motor Vehicles Mitsui & Co., Ltd. (2015-2018) General Manager Automotive Solution Business Div.,Mitsui & Co.,Ltd. (2022-present). He also served as Vice President Director of the Company (2018-2022). He is appointed for his first terms of office as President Commissioner of the Company according to Annual GMS of the Company dated May 8, 2023. He has no affiliation with other members of the Board of Commissioners, the members of the Board of Directors and the majority and/or controlling shareholders other than Mitsui & Co., Ltd."]), 10): Object 'Object Repository/lbl_Content' is present

17-01-2025T17:05:35 - [MESSAGE][PASSED] - Object 'Object Repository/lbl_Content' is present

17-01-2025T17:05:35 - [TEST_STEP][PASSED] - click(findTestObject("var_Content", ["xpath":"//body[1]/div[1]/main[1]/main[1]/div[2]/div[2]/div[1]/div[2]/div[1]/div[5]/div[1]/div[1]/div[2]/div[2]/button[1]"])): Object: 'Object Repository/var_Content' is clicked on

17-01-2025T17:05:36 - [MESSAGE][PASSED] - Object: 'Object Repository/var_Content' is clicked on

17-01-2025T17:05:36 - [TEST_STEP][PASSED] - scrollToElement(findTestObject("var_Content", ["xpath":"//body[1]/div[1]/main[1]/main[1]/div[2]/div[2]/div[1]/div[2]/div[1]/div[5]/div[1]/div[1]/div[2]/div[2]/p[1]"]), 10): Scroll to object 'Object Repository/var_Content' successfully

17-01-2025T17:05:36 - [MESSAGE][PASSED] - Scroll to object 'Object Repository/var_Content' successfully

17-01-2025T17:05:36 - [TEST_STEP][PASSED] - verifyElementPresent(findTestObject("img_Content", ["src":"/_next/image?url=%2Fstatic%2Fimages%2Fimage%2FBOC%2FMasami-Shiobara.jpg&w=384&q=75"]), 10): Object 'Object Repository/img_Content' is present

17-01-2025T17:05:36 - [MESSAGE][PASSED] - Object 'Object Repository/img_Content' is present

17-01-2025T17:05:36 - [TEST_STEP][PASSED] - verifyElementPresent(findTestObject("lbl_Content", ["text":"Masami Shiobara"]), 10): Object 'Object Repository/lbl_Content' is present

17-01-2025T17:05:36 - [MESSAGE][PASSED] - Object 'Object Repository/lbl_Content' is present

17-01-2025T17:05:36 - [TEST_STEP][PASSED] - verifyElementPresent(findTestObject("lbl_Content", ["text":"Commissioner"]), 10): Object 'Object Repository/lbl_Content' is present

17-01-2025T17:05:37 - [MESSAGE][PASSED] - Object 'Object Repository/lbl_Content' is present

17-01-2025T17:05:37 - [TEST_STEP][PASSED] - verifyElementPresent(findTestObject("lbl_Content", ["text":"Japan Citizen, Born in 1968. He earned Bachelor’s degree from Meiji University, Japan, majoring in Commerce in 1992."]), 10): Object 'Object Repository/lbl_Content' is present

17-01-2025T17:05:37 - [MESSAGE][PASSED] - Object 'Object Repository/lbl_Content' is present

17-01-2025T17:05:37 - [TEST_STEP][PASSED] - click(findTestObject("var_Content", ["xpath":"//body[1]/div[1]/main[1]/main[1]/div[2]/div[2]/div[1]/div[2]/div[1]/div[5]/div[1]/div[2]/div[2]/div[2]/button[1]"])): Object: 'Object Repository/var_Content' is clicked on

17-01-2025T17:05:37 - [MESSAGE][PASSED] - Object: 'Object Repository/var_Content' is clicked on

17-01-2025T17:05:37 - [TEST_STEP][PASSED] - verifyElementPresent(findTestObject("lbl_Content", ["text":"He has worked at JA Mitsui Leasing, Ltd. (includes Mitsui Leasing & Development, Ltd., a Predecessor company before merger), Tokyo Japan since 1992 and served in several position with the latest position as Deputy General Manager. He has assigned to several positions in JA Mitsui Leasing group among others as General Manager at Taipei branch (2012-2015), Executive Director at Mitsui Rail Capital, LLC (2015-2020), Deputy Divisional Operating Officer Ship & Transportation Division at JA Mitsui Leasing, Ltd. (2020-2023) and Deputy General Manager, Overseas Management Division, General Planning & Strategy Unit (2023 – current). He is appointed for his first terms of office as Commissioner of the Company according to Deed of Circular Resolution of Shareholders as a Member of the Extraordinary General Meeting of Shareholders No. 28 dated September 26, 2023*). He has no affiliation with other members of the Board of Commissioners, the members of the Board of Directors, the majority and/or controlling Shareholders and Shareholders other than JA Mitsui Leasing, Ltd."]), 10): Object 'Object Repository/lbl_Content' is present

17-01-2025T17:05:38 - [MESSAGE][PASSED] - Object 'Object Repository/lbl_Content' is present

17-01-2025T17:05:38 - [TEST_STEP][PASSED] - click(findTestObject("var_Content", ["xpath":"//body[1]/div[1]/main[1]/main[1]/div[2]/div[2]/div[1]/div[2]/div[1]/div[5]/div[1]/div[2]/div[2]/div[2]/button[1]"])): Object: 'Object Repository/var_Content' is clicked on

17-01-2025T17:05:38 - [MESSAGE][PASSED] - Object: 'Object Repository/var_Content' is clicked on

17-01-2025T17:05:38 - [TEST_STEP][PASSED] - scrollToElement(findTestObject("var_Content", ["xpath":"//body[1]/div[1]/main[1]/main[1]/div[2]/div[2]/div[1]/div[2]/div[1]/div[5]/div[1]/div[2]/div[2]/div[2]/p[1]"]), 10): Scroll to object 'Object Repository/var_Content' successfully

17-01-2025T17:05:38 - [MESSAGE][PASSED] - Scroll to object 'Object Repository/var_Content' successfully

17-01-2025T17:05:38 - [TEST_STEP][PASSED] - verifyElementPresent(findTestObject("img_Content", ["src":"/_next/image?url=%2Fstatic%2Fimages%2Fimage%2FBOC%2FNaotaka-Takeshita.png&w=384&q=75"]), 10, STOP_ON_FAILURE): Object 'Object Repository/img_Content' is present

17-01-2025T17:05:39 - [MESSAGE][PASSED] - Object 'Object Repository/img_Content' is present

17-01-2025T17:05:39 - [TEST_STEP][PASSED] - verifyElementPresent(findTestObject("lbl_Content", ["text":"Naotaka Takeshita"]), 10, STOP_ON_FAILURE): Object 'Object Repository/lbl_Content' is present

17-01-2025T17:05:39 - [MESSAGE][PASSED] - Object 'Object Repository/lbl_Content' is present

17-01-2025T17:05:39 - [TEST_STEP][PASSED] - verifyElementPresent(findTestObject("lbl_Content", ["text":"Commissioner"]), 10, STOP_ON_FAILURE): Object 'Object Repository/lbl_Content' is present

17-01-2025T17:05:39 - [MESSAGE][PASSED] - Object 'Object Repository/lbl_Content' is present

17-01-2025T17:05:39 - [TEST_STEP][PASSED] - verifyElementPresent(findTestObject("lbl_Content", ["text":"Japan Citizen, Born in 1967. He earned Bachelor’s degree from Nagoya University, Japan, majoring in Education in 1990."]), 10, STOP_ON_FAILURE): Object 'Object Repository/lbl_Content' is present

17-01-2025T17:05:39 - [MESSAGE][PASSED] - Object 'Object Repository/lbl_Content' is present

17-01-2025T17:05:39 - [TEST_STEP][PASSED] - click(findTestObject("var_Content", ["xpath":"//body[1]/div[1]/main[1]/main[1]/div[2]/div[2]/div[1]/div[2]/div[1]/div[5]/div[1]/div[3]/div[2]/div[2]/button[1]"]), STOP_ON_FAILURE): Object: 'Object Repository/var_Content' is clicked on

17-01-2025T17:05:40 - [MESSAGE][PASSED] - Object: 'Object Repository/var_Content' is clicked on

17-01-2025T17:05:40 - [TEST_STEP][PASSED] - verifyElementPresent(findTestObject("var_Content", ["xpath":"//body[1]/div[1]/main[1]/main[1]/div[2]/div[2]/div[1]/div[2]/div[1]/div[5]/div[1]/div[3]/div[2]/div[2]/p[2]"]), 10, STOP_ON_FAILURE): Object 'Object Repository/var_Content' is present

17-01-2025T17:05:40 - [MESSAGE][PASSED] - Object 'Object Repository/var_Content' is present

17-01-2025T17:05:40 - [TEST_STEP][PASSED] - click(findTestObject("var_Content", ["xpath":"//body[1]/div[1]/main[1]/main[1]/div[2]/div[2]/div[1]/div[2]/div[1]/div[5]/div[1]/div[3]/div[2]/div[2]/button[1]"]), STOP_ON_FAILURE): Object: 'Object Repository/var_Content' is clicked on

17-01-2025T17:05:40 - [MESSAGE][PASSED] - Object: 'Object Repository/var_Content' is clicked on

17-01-2025T17:05:40 - [TEST_STEP][PASSED] - scrollToElement(findTestObject("var_Content", ["xpath":"//body[1]/div[1]/main[1]/main[1]/div[2]/div[2]/div[1]/div[2]/div[1]/div[5]/div[1]/div[3]/div[2]/div[2]/p[1]"]), 10): Scroll to object 'Object Repository/var_Content' successfully

17-01-2025T17:05:41 - [MESSAGE][PASSED] - Scroll to object 'Object Repository/var_Content' successfully

17-01-2025T17:05:41 - [TEST_STEP][PASSED] - verifyElementPresent(findTestObject("img_Content", ["src":"/_next/image?url=%2Fstatic%2Fimages%2Fimage%2FBOC%2FDani-Firmansyah.png&w=384&q=75"]), 10, STOP_ON_FAILURE): Object 'Object Repository/img_Content' is present

17-01-2025T17:05:41 - [MESSAGE][PASSED] - Object 'Object Repository/img_Content' is present

17-01-2025T17:05:41 - [TEST_STEP][PASSED] - verifyElementPresent(findTestObject("lbl_Content", ["text":"Dani Firmansjah"]), 10, STOP_ON_FAILURE): Object 'Object Repository/lbl_Content' is present

17-01-2025T17:05:41 - [MESSAGE][PASSED] - Object 'Object Repository/lbl_Content' is present

17-01-2025T17:05:41 - [TEST_STEP][PASSED] - verifyElementPresent(findTestObject("lbl_Content", ["text":"Independent Commissioner"]), 10, STOP_ON_FAILURE): Object 'Object Repository/lbl_Content' is present

17-01-2025T17:05:42 - [MESSAGE][PASSED] - Object 'Object Repository/lbl_Content' is present

17-01-2025T17:05:42 - [TEST_STEP][PASSED] - verifyElementPresent(findTestObject("lbl_Content", ["text":"Indonesian Citizen, born in 1954. He earned master’s degree from Asian Institute of Management Philippines, Philippines Majoring Management in 1994."]), 10, STOP_ON_FAILURE): Object 'Object Repository/lbl_Content' is present

17-01-2025T17:05:42 - [MESSAGE][PASSED] - Object 'Object Repository/lbl_Content' is present

17-01-2025T17:05:42 - [TEST_STEP][PASSED] - click(findTestObject("var_Content", ["xpath":"//body[1]/div[1]/main[1]/main[1]/div[2]/div[2]/div[1]/div[2]/div[1]/div[5]/div[1]/div[4]/div[2]/div[2]/button[1]"]), STOP_ON_FAILURE): Object: 'Object Repository/var_Content' is clicked on

17-01-2025T17:05:42 - [MESSAGE][PASSED] - Object: 'Object Repository/var_Content' is clicked on

17-01-2025T17:05:42 - [TEST_STEP][PASSED] - verifyElementPresent(findTestObject("var_Content", ["xpath":"//body[1]/div[1]/main[1]/main[1]/div[2]/div[2]/div[1]/div[2]/div[1]/div[5]/div[1]/div[4]/div[2]/div[2]/p[2]"]), 10, STOP_ON_FAILURE): Object 'Object Repository/var_Content' is present

17-01-2025T17:05:43 - [MESSAGE][PASSED] - Object 'Object Repository/var_Content' is present

17-01-2025T17:05:43 - [TEST_STEP][PASSED] - click(findTestObject("var_Content", ["xpath":"//body[1]/div[1]/main[1]/main[1]/div[2]/div[2]/div[1]/div[2]/div[1]/div[5]/div[1]/div[4]/div[2]/div[2]/button[1]"]), STOP_ON_FAILURE): Object: 'Object Repository/var_Content' is clicked on

17-01-2025T17:05:43 - [MESSAGE][PASSED] - Object: 'Object Repository/var_Content' is clicked on

17-01-2025T17:05:43 - [TEST_STEP][PASSED] - scrollToElement(findTestObject("var_Content", ["xpath":"//body[1]/div[1]/main[1]/main[1]/div[2]/div[2]/div[1]/div[2]/div[1]/div[5]/div[1]/div[4]/div[2]/div[2]/p[1]"]), 10): Scroll to object 'Object Repository/var_Content' successfully

17-01-2025T17:05:43 - [MESSAGE][PASSED] - Scroll to object 'Object Repository/var_Content' successfully

17-01-2025T17:05:43 - [TEST_STEP][PASSED] - verifyElementPresent(findTestObject("img_Content", ["src":"/_next/image?url=%2Fstatic%2Fimages%2Fimage%2FBOC%2FPrabowo.png&w=384&q=75"]), 10, STOP_ON_FAILURE): Object 'Object Repository/img_Content' is present

17-01-2025T17:05:44 - [MESSAGE][PASSED] - Object 'Object Repository/img_Content' is present

17-01-2025T17:05:44 - [TEST_STEP][PASSED] - verifyElementPresent(findTestObject("lbl_Content", ["text":"Prabowo"]), 10, STOP_ON_FAILURE): Object 'Object Repository/lbl_Content' is present

17-01-2025T17:05:44 - [MESSAGE][PASSED] - Object 'Object Repository/lbl_Content' is present

17-01-2025T17:05:44 - [TEST_STEP][PASSED] - verifyElementPresent(findTestObject("lbl_Content", ["text":"Independent Commissioner"]), 10, STOP_ON_FAILURE): Object 'Object Repository/lbl_Content' is present

17-01-2025T17:05:44 - [MESSAGE][PASSED] - Object 'Object Repository/lbl_Content' is present

17-01-2025T17:05:44 - [TEST_STEP][PASSED] - verifyElementPresent(findTestObject("lbl_Content", ["text":"Indonesian Citizen, born in 1961. He earned Doctorate Degree from Institut Pertanian Bogor in 2012."]), 10, STOP_ON_FAILURE): Object 'Object Repository/lbl_Content' is present

17-01-2025T17:05:44 - [MESSAGE][PASSED] - Object 'Object Repository/lbl_Content' is present

17-01-2025T17:05:44 - [TEST_STEP][PASSED] - click(findTestObject("var_Content", ["xpath":"//body[1]/div[1]/main[1]/main[1]/div[2]/div[2]/div[1]/div[2]/div[1]/div[5]/div[1]/div[5]/div[2]/div[2]/button[1]"]), STOP_ON_FAILURE): Object: 'Object Repository/var_Content' is clicked on

17-01-2025T17:05:45 - [MESSAGE][PASSED] - Object: 'Object Repository/var_Content' is clicked on

17-01-2025T17:05:45 - [TEST_STEP][PASSED] - verifyElementPresent(findTestObject("var_Content", ["xpath":"//body[1]/div[1]/main[1]/main[1]/div[2]/div[2]/div[1]/div[2]/div[1]/div[5]/div[1]/div[5]/div[2]/div[2]/p[2]"]), 10, STOP_ON_FAILURE): Object 'Object Repository/var_Content' is present

17-01-2025T17:05:45 - [MESSAGE][PASSED] - Object 'Object Repository/var_Content' is present

17-01-2025T17:05:45 - [TEST_STEP][PASSED] - click(findTestObject("var_Content", ["xpath":"//body[1]/div[1]/main[1]/main[1]/div[2]/div[2]/div[1]/div[2]/div[1]/div[5]/div[1]/div[5]/div[2]/div[2]/button[1]"]), STOP_ON_FAILURE): Object: 'Object Repository/var_Content' is clicked on

17-01-2025T17:05:45 - [MESSAGE][PASSED] - Object: 'Object Repository/var_Content' is clicked on

17-01-2025T17:05:45 - [TEST_STEP][PASSED] - scrollToElement(findTestObject("var_Content", ["xpath":"//body[1]/div[1]/main[1]/main[1]/div[2]/div[2]/div[1]/div[2]/div[1]/div[5]/div[1]/div[5]/div[2]/div[2]/p[1]"]), 10): Scroll to object 'Object Repository/var_Content' successfully

17-01-2025T17:05:46 - [MESSAGE][PASSED] - Scroll to object 'Object Repository/var_Content' successfully

17-01-2025T17:05:46 - [TEST_STEP][PASSED] - verifyElementPresent(findTestObject("img_Content", ["src":"/_next/image?url=%2Fstatic%2Fimages%2Fimage%2FBOC%2FNurdayadi.png&w=384&q=75"]), 10, STOP_ON_FAILURE): Object 'Object Repository/img_Content' is present

17-01-2025T17:05:46 - [MESSAGE][PASSED] - Object 'Object Repository/img_Content' is present

17-01-2025T17:05:46 - [TEST_STEP][PASSED] - verifyElementPresent(findTestObject("lbl_Content", ["text":"Nurdayadi"]), 10, STOP_ON_FAILURE): Object 'Object Repository/lbl_Content' is present

17-01-2025T17:05:46 - [MESSAGE][PASSED] - Object 'Object Repository/lbl_Content' is present

17-01-2025T17:05:46 - [TEST_STEP][PASSED] - verifyElementPresent(findTestObject("lbl_Content", ["text":"Independent Commissioner"]), 10, STOP_ON_FAILURE): Object 'Object Repository/lbl_Content' is present

17-01-2025T17:05:46 - [MESSAGE][PASSED] - Object 'Object Repository/lbl_Content' is present

17-01-2025T17:05:46 - [TEST_STEP][PASSED] - verifyElementPresent(findTestObject("lbl_Content", ["text":"Indonesian Citizen, born in 1961. He earned master’s degree from The University of Brimingham, England, in 1989."]), 10, STOP_ON_FAILURE): Object 'Object Repository/lbl_Content' is present

17-01-2025T17:05:47 - [MESSAGE][PASSED] - Object 'Object Repository/lbl_Content' is present

17-01-2025T17:05:47 - [TEST_STEP][PASSED] - click(findTestObject("var_Content", ["xpath":"//body[1]/div[1]/main[1]/main[1]/div[2]/div[2]/div[1]/div[2]/div[1]/div[5]/div[1]/div[6]/div[2]/div[2]/button[1]"]), STOP_ON_FAILURE): Object: 'Object Repository/var_Content' is clicked on

17-01-2025T17:05:47 - [MESSAGE][PASSED] - Object: 'Object Repository/var_Content' is clicked on

17-01-2025T17:05:47 - [TEST_STEP][PASSED] - verifyElementPresent(findTestObject("var_Content", ["xpath":"//body[1]/div[1]/main[1]/main[1]/div[2]/div[2]/div[1]/div[2]/div[1]/div[5]/div[1]/div[6]/div[2]/div[2]/p[2]"]), 10, STOP_ON_FAILURE): Object 'Object Repository/var_Content' is present

17-01-2025T17:05:47 - [MESSAGE][PASSED] - Object 'Object Repository/var_Content' is present

17-01-2025T17:05:47 - [TEST_STEP][PASSED] - click(findTestObject("var_Content", ["xpath":"//body[1]/div[1]/main[1]/main[1]/div[2]/div[2]/div[1]/div[2]/div[1]/div[5]/div[1]/div[6]/div[2]/div[2]/button[1]"]), STOP_ON_FAILURE): Object: 'Object Repository/var_Content' is clicked on

17-01-2025T17:05:48 - [MESSAGE][PASSED] - Object: 'Object Repository/var_Content' is clicked on

17-01-2025T17:05:48 - [TEST_STEP][PASSED] - focus(findTestObject("var_Content", ["xpath":"//body[1]/div[1]/main[1]/main[1]/div[2]/div[1]/div[2]"]), STOP_ON_FAILURE): Object: 'Object Repository/var_Content' is focused

17-01-2025T17:05:48 - [MESSAGE][PASSED] - Object: 'Object Repository/var_Content' is focused

17-01-2025T17:05:48 - [TEST_STEP][PASSED] - click(findTestObject("link_Content", ["href":"#", "text":"BOARD OF DIRECTORS"])): Object: 'Object Repository/link_Content' is clicked on

17-01-2025T17:05:49 - [MESSAGE][PASSED] - Object: 'Object Repository/link_Content' is clicked on

17-01-2025T17:05:49 - [TEST_STEP][PASSED] - scrollToElement(findTestObject("var_Content", ["xpath":"//body[1]/div[1]/main[1]/main[1]/div[1]/div[1]/ol[1]"]), 10): Scroll to object 'Object Repository/var_Content' successfully

17-01-2025T17:05:50 - [MESSAGE][PASSED] - Scroll to object 'Object Repository/var_Content' successfully

17-01-2025T17:05:50 - [TEST_STEP][PASSED] - verifyElementPresent(findTestObject("img_Content", ["src":"/_next/image?url=%2Fstatic%2Fimages%2Fimage%2FBOD%2FLynn-Ramli.png&w=384&q=75"]), 10): Object 'Object Repository/img_Content' is present

17-01-2025T17:05:50 - [MESSAGE][PASSED] - Object 'Object Repository/img_Content' is present

17-01-2025T17:05:50 - [TEST_STEP][PASSED] - verifyElementPresent(findTestObject("lbl_Content", ["text":"Lynn Ramli"]), 10): Object 'Object Repository/lbl_Content' is present

17-01-2025T17:05:50 - [MESSAGE][PASSED] - Object 'Object Repository/lbl_Content' is present

17-01-2025T17:05:50 - [TEST_STEP][PASSED] - verifyElementPresent(findTestObject("lbl_Content", ["text":"President Director"]), 10): Object 'Object Repository/lbl_Content' is present

17-01-2025T17:05:51 - [MESSAGE][PASSED] - Object 'Object Repository/lbl_Content' is present

17-01-2025T17:05:51 - [TEST_STEP][PASSED] - verifyElementPresent(findTestObject("lbl_Content", ["text":"Indonesian citizen, born in 1973. She earned a Bachelor of Administration from the University of Washington, USA in 1993 and a Master of Business Administration from the University of San Francisco, USA in 1994."]), 10): Object 'Object Repository/lbl_Content' is present

17-01-2025T17:05:51 - [MESSAGE][PASSED] - Object 'Object Repository/lbl_Content' is present

17-01-2025T17:05:51 - [TEST_STEP][PASSED] - click(findTestObject("var_Content", ["xpath":"//body[1]/div[1]/main[1]/main[1]/div[2]/div[2]/div[1]/div[2]/div[1]/div[6]/div[1]/div[1]/div[2]/div[2]/button[1]"])): Object: 'Object Repository/var_Content' is clicked on

17-01-2025T17:05:51 - [MESSAGE][PASSED] - Object: 'Object Repository/var_Content' is clicked on

17-01-2025T17:05:51 - [TEST_STEP][PASSED] - verifyElementPresent(findTestObject("var_Content", ["xpath":"//body[1]/div[1]/main[1]/main[1]/div[2]/div[2]/div[1]/div[2]/div[1]/div[6]/div[1]/div[1]/div[2]/div[2]/p[2]"]), 10): Object 'Object Repository/var_Content' is present

17-01-2025T17:05:51 - [MESSAGE][PASSED] - Object 'Object Repository/var_Content' is present

17-01-2025T17:05:51 - [TEST_STEP][PASSED] - click(findTestObject("var_Content", ["xpath":"//body[1]/div[1]/main[1]/main[1]/div[2]/div[2]/div[1]/div[2]/div[1]/div[6]/div[1]/div[1]/div[2]/div[2]/button[1]"])): Object: 'Object Repository/var_Content' is clicked on

17-01-2025T17:05:52 - [MESSAGE][PASSED] - Object: 'Object Repository/var_Content' is clicked on

17-01-2025T17:05:52 - [TEST_STEP][PASSED] - scrollToElement(findTestObject("var_Content", ["xpath":"//body[1]/div[1]/main[1]/main[1]/div[2]/div[2]/div[1]/div[2]/div[1]/div[6]/div[1]/div[1]/div[2]/div[2]/p[1]"]), 10): Scroll to object 'Object Repository/var_Content' successfully

17-01-2025T17:05:52 - [MESSAGE][PASSED] - Scroll to object 'Object Repository/var_Content' successfully

17-01-2025T17:05:52 - [TEST_STEP][PASSED] - verifyElementPresent(findTestObject("img_Content", ["src":"/_next/image?url=%2Fstatic%2Fimages%2Fimage%2FBOD%2FAkira-Sugai.png&w=384&q=75"]), 10): Object 'Object Repository/img_Content' is present

17-01-2025T17:05:52 - [MESSAGE][PASSED] - Object 'Object Repository/img_Content' is present

17-01-2025T17:05:52 - [TEST_STEP][PASSED] - verifyElementPresent(findTestObject("lbl_Content", ["text":"Akira Sugai"]), 10): Object 'Object Repository/lbl_Content' is present

17-01-2025T17:05:53 - [MESSAGE][PASSED] - Object 'Object Repository/lbl_Content' is present

17-01-2025T17:05:53 - [TEST_STEP][PASSED] - verifyElementPresent(findTestObject("lbl_Content", ["text":"Vice President Director"]), 10): Object 'Object Repository/lbl_Content' is present

17-01-2025T17:05:53 - [MESSAGE][PASSED] - Object 'Object Repository/lbl_Content' is present

17-01-2025T17:05:53 - [TEST_STEP][PASSED] - verifyElementPresent(findTestObject("lbl_Content", ["text":"Japan Citizen, born in 1969. He earned bachelor’s degree of Kyoto University, Japan majoring Economics in 1993."]), 10): Object 'Object Repository/lbl_Content' is present

17-01-2025T17:05:53 - [MESSAGE][PASSED] - Object 'Object Repository/lbl_Content' is present

17-01-2025T17:05:53 - [TEST_STEP][PASSED] - click(findTestObject("var_Content", ["xpath":"//body[1]/div[1]/main[1]/main[1]/div[2]/div[2]/div[1]/div[2]/div[1]/div[6]/div[1]/div[2]/div[2]/div[2]/button[1]"])): Object: 'Object Repository/var_Content' is clicked on

17-01-2025T17:05:54 - [MESSAGE][PASSED] - Object: 'Object Repository/var_Content' is clicked on

17-01-2025T17:05:54 - [TEST_STEP][PASSED] - verifyElementPresent(findTestObject("var_Content", ["xpath":"//body[1]/div[1]/main[1]/main[1]/div[2]/div[2]/div[1]/div[2]/div[1]/div[6]/div[1]/div[2]/div[2]/div[2]/p[2]"]), 10): Object 'Object Repository/var_Content' is present

17-01-2025T17:05:54 - [MESSAGE][PASSED] - Object 'Object Repository/var_Content' is present

17-01-2025T17:05:54 - [TEST_STEP][PASSED] - click(findTestObject("var_Content", ["xpath":"//body[1]/div[1]/main[1]/main[1]/div[2]/div[2]/div[1]/div[2]/div[1]/div[6]/div[1]/div[2]/div[2]/div[2]/button[1]"])): Object: 'Object Repository/var_Content' is clicked on

17-01-2025T17:05:54 - [MESSAGE][PASSED] - Object: 'Object Repository/var_Content' is clicked on

17-01-2025T17:05:54 - [TEST_STEP][PASSED] - scrollToElement(findTestObject("var_Content", ["xpath":"//body[1]/div[1]/main[1]/main[1]/div[2]/div[2]/div[1]/div[2]/div[1]/div[6]/div[1]/div[2]/div[2]/div[2]/p[1]"]), 10): Scroll to object 'Object Repository/var_Content' successfully

17-01-2025T17:05:55 - [MESSAGE][PASSED] - Scroll to object 'Object Repository/var_Content' successfully

17-01-2025T17:05:55 - [TEST_STEP][PASSED] - verifyElementPresent(findTestObject("img_Content", ["src":"/_next/image?url=%2Fstatic%2Fimages%2Fimage%2FBOD%2FKoji-Kato.png&w=384&q=75"]), 10, STOP_ON_FAILURE): Object 'Object Repository/img_Content' is present

17-01-2025T17:05:55 - [MESSAGE][PASSED] - Object 'Object Repository/img_Content' is present

17-01-2025T17:05:55 - [TEST_STEP][PASSED] - verifyElementPresent(findTestObject("lbl_Content", ["text":"Koji Kato"]), 10, STOP_ON_FAILURE): Object 'Object Repository/lbl_Content' is present

17-01-2025T17:05:55 - [MESSAGE][PASSED] - Object 'Object Repository/lbl_Content' is present

17-01-2025T17:05:55 - [TEST_STEP][PASSED] - verifyElementPresent(findTestObject("lbl_Content", ["text":"Vice President Director"]), 10, STOP_ON_FAILURE): Object 'Object Repository/lbl_Content' is present

17-01-2025T17:05:55 - [MESSAGE][PASSED] - Object 'Object Repository/lbl_Content' is present

17-01-2025T17:05:55 - [TEST_STEP][PASSED] - verifyElementPresent(findTestObject("lbl_Content", ["text":"Japan Citizen, born in 1972. He earned Bachelor’s degree from University of Tokyo, majoring in Information and Communication Engineering in 1997."]), 10, STOP_ON_FAILURE): Object 'Object Repository/lbl_Content' is present

17-01-2025T17:05:56 - [MESSAGE][PASSED] - Object 'Object Repository/lbl_Content' is present

17-01-2025T17:05:56 - [TEST_STEP][PASSED] - click(findTestObject("var_Content", ["xpath":"//body[1]/div[1]/main[1]/main[1]/div[2]/div[2]/div[1]/div[2]/div[1]/div[6]/div[1]/div[3]/div[2]/div[2]/button[1]"]), STOP_ON_FAILURE): Object: 'Object Repository/var_Content' is clicked on

17-01-2025T17:05:56 - [MESSAGE][PASSED] - Object: 'Object Repository/var_Content' is clicked on

17-01-2025T17:05:56 - [TEST_STEP][PASSED] - verifyElementPresent(findTestObject("var_Content", ["xpath":"//body[1]/div[1]/main[1]/main[1]/div[2]/div[2]/div[1]/div[2]/div[1]/div[6]/div[1]/div[3]/div[2]/div[2]/p[2]"]), 10, STOP_ON_FAILURE): Object 'Object Repository/var_Content' is present

17-01-2025T17:05:56 - [MESSAGE][PASSED] - Object 'Object Repository/var_Content' is present

17-01-2025T17:05:56 - [TEST_STEP][PASSED] - click(findTestObject("var_Content", ["xpath":"//body[1]/div[1]/main[1]/main[1]/div[2]/div[2]/div[1]/div[2]/div[1]/div[6]/div[1]/div[3]/div[2]/div[2]/button[1]"]), STOP_ON_FAILURE): Object: 'Object Repository/var_Content' is clicked on

17-01-2025T17:05:57 - [MESSAGE][PASSED] - Object: 'Object Repository/var_Content' is clicked on

17-01-2025T17:05:57 - [TEST_STEP][PASSED] - scrollToElement(findTestObject("var_Content", ["xpath":"//body[1]/div[1]/main[1]/main[1]/div[2]/div[2]/div[1]/div[2]/div[1]/div[6]/div[1]/div[3]/div[2]/div[2]/p[1]"]), 10): Scroll to object 'Object Repository/var_Content' successfully

17-01-2025T17:05:57 - [MESSAGE][PASSED] - Scroll to object 'Object Repository/var_Content' successfully

17-01-2025T17:05:57 - [TEST_STEP][PASSED] - verifyElementPresent(findTestObject("img_Content", ["src":"/_next/image?url=%2Fstatic%2Fimages%2Fimage%2FBOD%2FSigit-Sembodo.png&w=384&q=75"]), 10, STOP_ON_FAILURE): Object 'Object Repository/img_Content' is present

17-01-2025T17:05:57 - [MESSAGE][PASSED] - Object 'Object Repository/img_Content' is present

17-01-2025T17:05:57 - [TEST_STEP][PASSED] - verifyElementPresent(findTestObject("lbl_Content", ["text":"Sigit Sembodo"]), 10, STOP_ON_FAILURE): Object 'Object Repository/lbl_Content' is present

17-01-2025T17:05:58 - [MESSAGE][PASSED] - Object 'Object Repository/lbl_Content' is present

17-01-2025T17:05:58 - [TEST_STEP][PASSED] - verifyElementPresent(findTestObject("lbl_Content", ["text":"Director"]), 10, STOP_ON_FAILURE): Object 'Object Repository/lbl_Content' is present

17-01-2025T17:05:58 - [MESSAGE][PASSED] - Object 'Object Repository/lbl_Content' is present

17-01-2025T17:05:58 - [TEST_STEP][PASSED] - verifyElementPresent(findTestObject("lbl_Content", ["text":"Indonesian Citizen, born in 1964. He earned bachelor’s degree from Universitas Indonesia majoring accounting in 1990 and master’s degree from Universitas Indonesia majoring management in 1992."]), 10, STOP_ON_FAILURE): Object 'Object Repository/lbl_Content' is present

17-01-2025T17:05:58 - [MESSAGE][PASSED] - Object 'Object Repository/lbl_Content' is present

17-01-2025T17:05:58 - [TEST_STEP][PASSED] - click(findTestObject("var_Content", ["xpath":"//body[1]/div[1]/main[1]/main[1]/div[2]/div[2]/div[1]/div[2]/div[1]/div[6]/div[1]/div[4]/div[2]/div[2]/button[1]"]), STOP_ON_FAILURE): Object: 'Object Repository/var_Content' is clicked on

17-01-2025T17:05:58 - [MESSAGE][PASSED] - Object: 'Object Repository/var_Content' is clicked on

17-01-2025T17:05:58 - [TEST_STEP][PASSED] - verifyElementPresent(findTestObject("var_Content", ["xpath":"//body[1]/div[1]/main[1]/main[1]/div[2]/div[2]/div[1]/div[2]/div[1]/div[6]/div[1]/div[4]/div[2]/div[2]/p[2]"]), 10, STOP_ON_FAILURE): Object 'Object Repository/var_Content' is present

17-01-2025T17:05:59 - [MESSAGE][PASSED] - Object 'Object Repository/var_Content' is present

17-01-2025T17:05:59 - [TEST_STEP][PASSED] - click(findTestObject("var_Content", ["xpath":"//body[1]/div[1]/main[1]/main[1]/div[2]/div[2]/div[1]/div[2]/div[1]/div[6]/div[1]/div[4]/div[2]/div[2]/button[1]"]), STOP_ON_FAILURE): Object: 'Object Repository/var_Content' is clicked on

17-01-2025T17:05:59 - [MESSAGE][PASSED] - Object: 'Object Repository/var_Content' is clicked on

17-01-2025T17:05:59 - [TEST_STEP][PASSED] - scrollToElement(findTestObject("var_Content", ["xpath":"//body[1]/div[1]/main[1]/main[1]/div[2]/div[2]/div[1]/div[2]/div[1]/div[6]/div[1]/div[4]/div[2]/div[2]/p[1]"]), 10): Scroll to object 'Object Repository/var_Content' successfully

17-01-2025T17:05:59 - [MESSAGE][PASSED] - Scroll to object 'Object Repository/var_Content' successfully

17-01-2025T17:05:59 - [TEST_STEP][PASSED] - verifyElementPresent(findTestObject("img_Content", ["src":"/_next/image?url=%2Fstatic%2Fimages%2Fimage%2FBOD%2FAlung-Ng.png&w=384&q=75"]), 10, STOP_ON_FAILURE): Object 'Object Repository/img_Content' is present

17-01-2025T17:06:00 - [MESSAGE][PASSED] - Object 'Object Repository/img_Content' is present

17-01-2025T17:06:00 - [TEST_STEP][PASSED] - verifyElementPresent(findTestObject("lbl_Content", ["text":"A Lung Ng"]), 10, STOP_ON_FAILURE): Object 'Object Repository/lbl_Content' is present

17-01-2025T17:06:00 - [MESSAGE][PASSED] - Object 'Object Repository/lbl_Content' is present

17-01-2025T17:06:00 - [TEST_STEP][PASSED] - verifyElementPresent(findTestObject("lbl_Content", ["text":"Director"]), 10, STOP_ON_FAILURE): Object 'Object Repository/lbl_Content' is present

17-01-2025T17:06:00 - [MESSAGE][PASSED] - Object 'Object Repository/lbl_Content' is present

17-01-2025T17:06:00 - [TEST_STEP][PASSED] - verifyElementPresent(findTestObject("lbl_Content", ["text":"Indonesian Citizen, born in 1971. He earned bachelor’s degree from Universitas Tarumanagara majoring management in 1990."]), 10, STOP_ON_FAILURE): Object 'Object Repository/lbl_Content' is present

17-01-2025T17:06:00 - [MESSAGE][PASSED] - Object 'Object Repository/lbl_Content' is present

17-01-2025T17:06:00 - [TEST_STEP][PASSED] - click(findTestObject("var_Content", ["xpath":"//body[1]/div[1]/main[1]/main[1]/div[2]/div[2]/div[1]/div[2]/div[1]/div[6]/div[1]/div[5]/div[2]/div[2]/button[1]"]), STOP_ON_FAILURE): Object: 'Object Repository/var_Content' is clicked on

17-01-2025T17:06:01 - [MESSAGE][PASSED] - Object: 'Object Repository/var_Content' is clicked on

17-01-2025T17:06:01 - [TEST_STEP][PASSED] - verifyElementPresent(findTestObject("var_Content", ["xpath":"//body[1]/div[1]/main[1]/main[1]/div[2]/div[2]/div[1]/div[2]/div[1]/div[6]/div[1]/div[5]/div[2]/div[2]/p[2]"]), 10, STOP_ON_FAILURE): Object 'Object Repository/var_Content' is present

17-01-2025T17:06:01 - [MESSAGE][PASSED] - Object 'Object Repository/var_Content' is present

17-01-2025T17:06:01 - [TEST_STEP][PASSED] - click(findTestObject("var_Content", ["xpath":"//body[1]/div[1]/main[1]/main[1]/div[2]/div[2]/div[1]/div[2]/div[1]/div[6]/div[1]/div[5]/div[2]/div[2]/button[1]"]), STOP_ON_FAILURE): Object: 'Object Repository/var_Content' is clicked on

17-01-2025T17:06:02 - [MESSAGE][PASSED] - Object: 'Object Repository/var_Content' is clicked on

17-01-2025T17:06:02 - [TEST_STEP][PASSED] - scrollToElement(findTestObject("var_Content", ["xpath":"//body[1]/div[1]/main[1]/main[1]/div[2]/div[2]/div[1]/div[2]/div[1]/div[6]/div[1]/div[5]/div[2]/div[2]/p[1]"]), 10): Scroll to object 'Object Repository/var_Content' successfully

17-01-2025T17:06:02 - [MESSAGE][PASSED] - Scroll to object 'Object Repository/var_Content' successfully

17-01-2025T17:06:02 - [TEST_STEP][PASSED] - verifyElementPresent(findTestObject("img_Content", ["src":"/_next/image?url=%2Fstatic%2Fimages%2Fimage%2FBOD%2FYudono.png&w=384&q=75"]), 10, STOP_ON_FAILURE): Object 'Object Repository/img_Content' is present

17-01-2025T17:06:02 - [MESSAGE][PASSED] - Object 'Object Repository/img_Content' is present

17-01-2025T17:06:02 - [TEST_STEP][PASSED] - verifyElementPresent(findTestObject("lbl_Content", ["text":"Yudono Chayadi"]), 10, STOP_ON_FAILURE): Object 'Object Repository/lbl_Content' is present

17-01-2025T17:06:02 - [MESSAGE][PASSED] - Object 'Object Repository/lbl_Content' is present

17-01-2025T17:06:02 - [TEST_STEP][PASSED] - verifyElementPresent(findTestObject("lbl_Content", ["text":"Director"]), 10, STOP_ON_FAILURE): Object 'Object Repository/lbl_Content' is present

17-01-2025T17:06:03 - [MESSAGE][PASSED] - Object 'Object Repository/lbl_Content' is present

17-01-2025T17:06:03 - [TEST_STEP][PASSED] - verifyElementPresent(findTestObject("lbl_Content", ["text":"Indonesian citizen, 41 year. He earned his Bachelor’s degree majoring Computer Science from Bina Nusantara University in 1999."]), 10, STOP_ON_FAILURE): Object 'Object Repository/lbl_Content' is present

17-01-2025T17:06:03 - [MESSAGE][PASSED] - Object 'Object Repository/lbl_Content' is present

17-01-2025T17:06:03 - [TEST_STEP][PASSED] - click(findTestObject("var_Content", ["xpath":"//body[1]/div[1]/main[1]/main[1]/div[2]/div[2]/div[1]/div[2]/div[1]/div[6]/div[1]/div[6]/div[2]/div[2]/button[1]"]), STOP_ON_FAILURE): Object: 'Object Repository/var_Content' is clicked on

17-01-2025T17:06:03 - [MESSAGE][PASSED] - Object: 'Object Repository/var_Content' is clicked on

17-01-2025T17:06:03 - [TEST_STEP][PASSED] - verifyElementPresent(findTestObject("var_Content", ["xpath":"//body[1]/div[1]/main[1]/main[1]/div[2]/div[2]/div[1]/div[2]/div[1]/div[6]/div[1]/div[6]/div[2]/div[2]/p[2]"]), 10, STOP_ON_FAILURE): Object 'Object Repository/var_Content' is present

17-01-2025T17:06:04 - [MESSAGE][PASSED] - Object 'Object Repository/var_Content' is present

17-01-2025T17:06:04 - [TEST_STEP][PASSED] - click(findTestObject("var_Content", ["xpath":"//body[1]/div[1]/main[1]/main[1]/div[2]/div[2]/div[1]/div[2]/div[1]/div[6]/div[1]/div[6]/div[2]/div[2]/button[1]"]), STOP_ON_FAILURE): Object: 'Object Repository/var_Content' is clicked on

17-01-2025T17:06:04 - [MESSAGE][PASSED] - Object: 'Object Repository/var_Content' is clicked on

17-01-2025T17:06:04 - [TEST_STEP][PASSED] - focus(findTestObject("var_Content", ["xpath":"//body[1]/div[1]/main[1]/main[1]/div[2]/div[1]/div[2]"]), STOP_ON_FAILURE): Object: 'Object Repository/var_Content' is focused

17-01-2025T17:06:04 - [MESSAGE][PASSED] - Object: 'Object Repository/var_Content' is focused

17-01-2025T17:06:04 - [TEST_STEP][PASSED] - click(findTestObject("link_Content", ["href":"#", "text":"ACHIEVEMENTS"])): Object: 'Object Repository/link_Content' is clicked on

17-01-2025T17:06:05 - [MESSAGE][PASSED] - Object: 'Object Repository/link_Content' is clicked on

17-01-2025T17:06:05 - [TEST_STEP][PASSED] - scrollToElement(findTestObject("var_Content", ["xpath":"//body[1]/div[1]/main[1]/main[1]/div[1]/div[1]/ol[1]"]), 10): Scroll to object 'Object Repository/var_Content' successfully

17-01-2025T17:06:06 - [MESSAGE][PASSED] - Scroll to object 'Object Repository/var_Content' successfully

17-01-2025T17:06:06 - [TEST_STEP][PASSED] - verifyElementPresent(findTestObject("var_Content", ["xpath":"//body[1]/div[1]/main[1]/main[1]/div[2]/div[2]/div[1]/div[2]/div[1]/div[7]/div[1]/div[2]/div[1]/div[1]"]), 10): Object 'Object Repository/var_Content' is present

17-01-2025T17:06:06 - [MESSAGE][PASSED] - Object 'Object Repository/var_Content' is present

17-01-2025T17:06:06 - [TEST_STEP][PASSED] - verifyElementPresent(findTestObject("var_Content", ["xpath":"//body[1]/div[1]/main[1]/main[1]/div[2]/div[2]/div[1]/div[2]/div[1]/div[7]/div[1]/div[2]/div[1]/ul[1]/li[2]/a[1]"]), 10): Object 'Object Repository/var_Content' is present

17-01-2025T17:06:06 - [MESSAGE][PASSED] - Object 'Object Repository/var_Content' is present

17-01-2025T17:06:06 - [TEST_STEP][PASSED] - verifyElementPresent(findTestObject("var_Content", ["xpath":"//body[1]/div[1]/main[1]/main[1]/div[2]/div[2]/div[1]/div[2]/div[1]/div[7]/div[1]/div[2]/div[1]/div[1]"]), 10): Object 'Object Repository/var_Content' is present

17-01-2025T17:06:07 - [MESSAGE][PASSED] - Object 'Object Repository/var_Content' is present

17-01-2025T17:06:07 - [TEST_STEP][PASSED] - verifyElementPresent(findTestObject("var_Content", ["xpath":"//body[1]/div[1]/main[1]/main[1]/div[2]/div[2]/div[1]/div[2]/div[1]/div[7]/div[1]/div[2]/div[1]/ul[1]/li[3]/a[1]"]), 10): Object 'Object Repository/var_Content' is present

17-01-2025T17:06:07 - [MESSAGE][PASSED] - Object 'Object Repository/var_Content' is present

17-01-2025T17:06:07 - [TEST_STEP][PASSED] - verifyElementPresent(findTestObject("var_Content", ["xpath":"//body[1]/div[1]/main[1]/main[1]/div[2]/div[2]/div[1]/div[2]/div[1]/div[7]/div[1]/div[2]/div[1]/div[1]"]), 10): Object 'Object Repository/var_Content' is present

17-01-2025T17:06:07 - [MESSAGE][PASSED] - Object 'Object Repository/var_Content' is present

17-01-2025T17:06:07 - [TEST_STEP][PASSED] - Start listener action : AfterTestCase: null]]></system-out>
         <system-err><![CDATA[]]></system-err>
      </testcase>
      <testcase name="Test Cases/Corporate/Investor Relations/RegressionTest_VerifyAnnualReportPage_ElementsArePresent" time="58.427" classname="Test Cases/Corporate/Investor Relations/RegressionTest_VerifyAnnualReportPage_ElementsArePresent" status="PASSED">
         <system-out><![CDATA[17-01-2025T17:06:07 - [TEST_CASE][PASSED] - Test Cases/Corporate/Investor Relations/RegressionTest_VerifyAnnualReportPage_ElementsArePresent: Test Cases/Corporate/Investor Relations/RegressionTest_VerifyAnnualReportPage_ElementsArePresent

17-01-2025T17:06:07 - [TEST_STEP][PASSED] - Start listener action : BeforeTestCase: null

17-01-2025T17:06:07 - [TEST_STEP][NOT_RUN] - click(findTestObject("link_Content", ["href":"/corporate", "text":"Corporate"])): NOT_RUN: click(findTestObject("link_Content", ["href":"/corporate", "text":"Corporate"]))

17-01-2025T17:06:07 - [MESSAGE][NOT_RUN] - NOT_RUN: click(findTestObject("link_Content", ["href":"/corporate", "text":"Corporate"]))

17-01-2025T17:06:07 - [TEST_STEP][PASSED] - click(findTestObject("link_Content", ["href":"#", "text":"Investor Relations"])): Object: 'Object Repository/link_Content' is clicked on

17-01-2025T17:06:08 - [MESSAGE][PASSED] - Object: 'Object Repository/link_Content' is clicked on

17-01-2025T17:06:08 - [TEST_STEP][PASSED] - click(findTestObject("link_Content", ["href":"/en/corporate/InvestorRelations/AnnualReport", "text":"Annual Report"])): Object: 'Object Repository/link_Content' is clicked on

17-01-2025T17:06:22 - [MESSAGE][PASSED] - Object: 'Object Repository/link_Content' is clicked on

17-01-2025T17:06:22 - [TEST_STEP][PASSED] - scrollToElement(findTestObject("var_Content", ["xpath":"//body[1]/div[1]/main[1]/main[1]/div[1]/div[1]/ol[1]"]), 10): Scroll to object 'Object Repository/var_Content' successfully

17-01-2025T17:06:24 - [MESSAGE][PASSED] - Scroll to object 'Object Repository/var_Content' successfully

17-01-2025T17:06:24 - [TEST_STEP][PASSED] - verifyElementPresent(findTestObject("lbl_Content", ["text":"ANNUAL REPORT"]), 10): Object 'Object Repository/lbl_Content' is present

17-01-2025T17:06:24 - [MESSAGE][PASSED] - Object 'Object Repository/lbl_Content' is present

17-01-2025T17:06:24 - [TEST_STEP][PASSED] - click(findTestObject("var_Content", ["xpath":"//body[1]/div[1]/main[1]/main[1]/div[2]/div[3]/div[1]/div[1]/div[2]/a[1]"])): Object: 'Object Repository/var_Content' is clicked on

17-01-2025T17:06:25 - [MESSAGE][PASSED] - Object: 'Object Repository/var_Content' is clicked on

17-01-2025T17:06:25 - [TEST_STEP][PASSED] - verifyLinksAccessible(["https://baf-mobile-dev.oss-ap-southeast-5.aliyuncs.com/investor-relation-file%2F1726125798818.pdf?Expires=1736884730&OSSAccessKeyId=LTAI5t78APQ3CX3zFy4qKiTQ&Signature=OExrcWeITbjdPQf4uPRXQeCE5AE%3D"], OPTIONAL): Found 1 inaccessible links [https://baf-mobile-dev.oss-ap-southeast-5.aliyuncs.com/investor-relation-file%2F1726125798818.pdf?Expires=1736884730&OSSAccessKeyId=LTAI5t78APQ3CX3zFy4qKiTQ&Signature=OExrcWeITbjdPQf4uPRXQeCE5AE%3D] (Root cause: com.kms.katalon.core.exception.StepFailedException: Found 1 inaccessible links [https://baf-mobile-dev.oss-ap-southeast-5.aliyuncs.com/investor-relation-file%2F1726125798818.pdf?Expires=1736884730&OSSAccessKeyId=LTAI5t78APQ3CX3zFy4qKiTQ&Signature=OExrcWeITbjdPQf4uPRXQeCE5AE%3D]
	at com.kms.katalon.core.webui.keyword.internal.WebUIKeywordMain.stepFailed(WebUIKeywordMain.groovy:117)
	at com.kms.katalon.core.webui.keyword.builtin.VerifyLinksAccessibleKeyword$_verifyLinksAccessible_closure1.doCall(VerifyLinksAccessibleKeyword.groovy:53)
	at com.kms.katalon.core.webui.keyword.builtin.VerifyLinksAccessibleKeyword$_verifyLinksAccessible_closure1.call(VerifyLinksAccessibleKeyword.groovy)
	at com.kms.katalon.core.webui.keyword.internal.WebUIKeywordMain.runKeyword(WebUIKeywordMain.groovy:35)
	at com.kms.katalon.core.webui.keyword.builtin.VerifyLinksAccessibleKeyword.verifyLinksAccessible(VerifyLinksAccessibleKeyword.groovy:38)
	at com.kms.katalon.core.webui.keyword.builtin.VerifyLinksAccessibleKeyword.execute(VerifyLinksAccessibleKeyword.groovy:33)
	at com.kms.katalon.core.keyword.internal.KeywordExecutor.executeKeywordForPlatform(KeywordExecutor.groovy:74)
	at com.kms.katalon.core.webui.keyword.WebUiBuiltInKeywords.verifyLinksAccessible(WebUiBuiltInKeywords.groovy:5040)
	at RegressionTest_VerifyAnnualReportPage_ElementsArePresent.run(RegressionTest_VerifyAnnualReportPage_ElementsArePresent:40)
	at com.kms.katalon.core.main.ScriptEngine.run(ScriptEngine.java:194)
	at com.kms.katalon.core.main.ScriptEngine.runScriptAsRawText(ScriptEngine.java:119)
	at com.kms.katalon.core.main.TestCaseExecutor.runScript(TestCaseExecutor.java:448)
	at com.kms.katalon.core.main.TestCaseExecutor.doExecute(TestCaseExecutor.java:439)
	at com.kms.katalon.core.main.TestCaseExecutor.processExecutionPhase(TestCaseExecutor.java:418)
	at com.kms.katalon.core.main.TestCaseExecutor.accessMainPhase(TestCaseExecutor.java:410)
	at com.kms.katalon.core.main.TestCaseExecutor.execute(TestCaseExecutor.java:285)
	at com.kms.katalon.core.common.CommonExecutor.accessTestCaseMainPhase(CommonExecutor.java:65)
	at com.kms.katalon.core.main.TestSuiteExecutor.accessTestSuiteMainPhase(TestSuiteExecutor.java:161)
	at com.kms.katalon.core.main.TestSuiteExecutor.execute(TestSuiteExecutor.java:107)
	at com.kms.katalon.core.main.TestCaseMain.startTestSuite(TestCaseMain.java:176)
	at TempTestSuite1737108265632.run(TempTestSuite1737108265632.groovy:35)
	at java.base/jdk.internal.reflect.NativeMethodAccessorImpl.invoke0(Native Method)
	at java.base/jdk.internal.reflect.NativeMethodAccessorImpl.invoke(NativeMethodAccessorImpl.java:77)
	at java.base/jdk.internal.reflect.DelegatingMethodAccessorImpl.invoke(DelegatingMethodAccessorImpl.java:43)
)

17-01-2025T17:06:28 - [MESSAGE][INFO] - HAR: C:\Users\P251224001\git\BAF-website\Reports\20250117_170425\Corporate\20250117_170425\requests\main\1.har

17-01-2025T17:06:28 - [MESSAGE][PASSED] - Send request successfully

17-01-2025T17:06:28 - [MESSAGE][WARNING] - Found 1 inaccessible links [https://baf-mobile-dev.oss-ap-southeast-5.aliyuncs.com/investor-relation-file%2F1726125798818.pdf?Expires=1736884730&OSSAccessKeyId=LTAI5t78APQ3CX3zFy4qKiTQ&Signature=OExrcWeITbjdPQf4uPRXQeCE5AE%3D] (Root cause: com.kms.katalon.core.exception.StepFailedException: Found 1 inaccessible links [https://baf-mobile-dev.oss-ap-southeast-5.aliyuncs.com/investor-relation-file%2F1726125798818.pdf?Expires=1736884730&OSSAccessKeyId=LTAI5t78APQ3CX3zFy4qKiTQ&Signature=OExrcWeITbjdPQf4uPRXQeCE5AE%3D]
	at com.kms.katalon.core.webui.keyword.internal.WebUIKeywordMain.stepFailed(WebUIKeywordMain.groovy:117)
	at com.kms.katalon.core.webui.keyword.builtin.VerifyLinksAccessibleKeyword$_verifyLinksAccessible_closure1.doCall(VerifyLinksAccessibleKeyword.groovy:53)
	at com.kms.katalon.core.webui.keyword.builtin.VerifyLinksAccessibleKeyword$_verifyLinksAccessible_closure1.call(VerifyLinksAccessibleKeyword.groovy)
	at com.kms.katalon.core.webui.keyword.internal.WebUIKeywordMain.runKeyword(WebUIKeywordMain.groovy:35)
	at com.kms.katalon.core.webui.keyword.builtin.VerifyLinksAccessibleKeyword.verifyLinksAccessible(VerifyLinksAccessibleKeyword.groovy:38)
	at com.kms.katalon.core.webui.keyword.builtin.VerifyLinksAccessibleKeyword.execute(VerifyLinksAccessibleKeyword.groovy:33)
	at com.kms.katalon.core.keyword.internal.KeywordExecutor.executeKeywordForPlatform(KeywordExecutor.groovy:74)
	at com.kms.katalon.core.webui.keyword.WebUiBuiltInKeywords.verifyLinksAccessible(WebUiBuiltInKeywords.groovy:5040)
	at RegressionTest_VerifyAnnualReportPage_ElementsArePresent.run(RegressionTest_VerifyAnnualReportPage_ElementsArePresent:40)
	at com.kms.katalon.core.main.ScriptEngine.run(ScriptEngine.java:194)
	at com.kms.katalon.core.main.ScriptEngine.runScriptAsRawText(ScriptEngine.java:119)
	at com.kms.katalon.core.main.TestCaseExecutor.runScript(TestCaseExecutor.java:448)
	at com.kms.katalon.core.main.TestCaseExecutor.doExecute(TestCaseExecutor.java:439)
	at com.kms.katalon.core.main.TestCaseExecutor.processExecutionPhase(TestCaseExecutor.java:418)
	at com.kms.katalon.core.main.TestCaseExecutor.accessMainPhase(TestCaseExecutor.java:410)
	at com.kms.katalon.core.main.TestCaseExecutor.execute(TestCaseExecutor.java:285)
	at com.kms.katalon.core.common.CommonExecutor.accessTestCaseMainPhase(CommonExecutor.java:65)
	at com.kms.katalon.core.main.TestSuiteExecutor.accessTestSuiteMainPhase(TestSuiteExecutor.java:161)
	at com.kms.katalon.core.main.TestSuiteExecutor.execute(TestSuiteExecutor.java:107)
	at com.kms.katalon.core.main.TestCaseMain.startTestSuite(TestCaseMain.java:176)
	at TempTestSuite1737108265632.run(TempTestSuite1737108265632.groovy:35)
	at java.base/jdk.internal.reflect.NativeMethodAccessorImpl.invoke0(Native Method)
	at java.base/jdk.internal.reflect.NativeMethodAccessorImpl.invoke(NativeMethodAccessorImpl.java:77)
	at java.base/jdk.internal.reflect.DelegatingMethodAccessorImpl.invoke(DelegatingMethodAccessorImpl.java:43)
)

17-01-2025T17:06:28 - [TEST_STEP][PASSED] - closeWindowIndex(1): Window with index 1 is closed

17-01-2025T17:06:28 - [MESSAGE][PASSED] - Window with index 1 is closed

17-01-2025T17:06:28 - [TEST_STEP][PASSED] - switchToWindowIndex(0): Switched to window with index: '0'

17-01-2025T17:06:28 - [MESSAGE][PASSED] - Switched to window with index: '0'

17-01-2025T17:06:28 - [TEST_STEP][PASSED] - scrollToElement(findTestObject("var_Content", ["xpath":"//body[1]/div[1]/main[1]/main[1]/div[2]/div[3]/div[1]/div[1]/div[2]/a[1]"]), 10): Scroll to object 'Object Repository/var_Content' successfully

17-01-2025T17:06:28 - [MESSAGE][PASSED] - Scroll to object 'Object Repository/var_Content' successfully

17-01-2025T17:06:28 - [TEST_STEP][PASSED] - click(findTestObject("var_Content", ["xpath":"//body[1]/div[1]/main[1]/main[1]/div[2]/div[3]/div[1]/div[2]/div[2]/a[1]"])): Object: 'Object Repository/var_Content' is clicked on

17-01-2025T17:06:29 - [MESSAGE][PASSED] - Object: 'Object Repository/var_Content' is clicked on

17-01-2025T17:06:29 - [TEST_STEP][PASSED] - verifyLinksAccessible(["https://baf-mobile-dev.oss-ap-southeast-5.aliyuncs.com/investor-relation-file/1718445909688.pdf"]): All links are accessible

17-01-2025T17:06:29 - [MESSAGE][INFO] - HAR: C:\Users\P251224001\git\BAF-website\Reports\20250117_170425\Corporate\20250117_170425\requests\main\2.har

17-01-2025T17:06:29 - [MESSAGE][PASSED] - Send request successfully

17-01-2025T17:06:29 - [MESSAGE][PASSED] - All links are accessible

17-01-2025T17:06:29 - [TEST_STEP][PASSED] - closeWindowIndex(1): Window with index 1 is closed

17-01-2025T17:06:29 - [MESSAGE][PASSED] - Window with index 1 is closed

17-01-2025T17:06:29 - [TEST_STEP][PASSED] - switchToWindowIndex(0): Switched to window with index: '0'

17-01-2025T17:06:29 - [MESSAGE][PASSED] - Switched to window with index: '0'

17-01-2025T17:06:29 - [TEST_STEP][PASSED] - scrollToElement(findTestObject("var_Content", ["xpath":"//body[1]/div[1]/main[1]/main[1]/div[2]/div[3]/div[1]/div[2]/div[2]/a[1]"]), 10): Scroll to object 'Object Repository/var_Content' successfully

17-01-2025T17:06:29 - [MESSAGE][PASSED] - Scroll to object 'Object Repository/var_Content' successfully

17-01-2025T17:06:29 - [TEST_STEP][PASSED] - click(findTestObject("var_Content", ["xpath":"//body[1]/div[1]/main[1]/main[1]/div[2]/div[3]/div[1]/div[3]/div[2]/a[1]"])): Object: 'Object Repository/var_Content' is clicked on

17-01-2025T17:06:30 - [MESSAGE][PASSED] - Object: 'Object Repository/var_Content' is clicked on

17-01-2025T17:06:30 - [TEST_STEP][PASSED] - verifyLinksAccessible(["https://baf-mobile-dev.oss-ap-southeast-5.aliyuncs.com/investor-relation-file/1718452463352.pdf"]): All links are accessible

17-01-2025T17:06:31 - [MESSAGE][INFO] - HAR: C:\Users\P251224001\git\BAF-website\Reports\20250117_170425\Corporate\20250117_170425\requests\main\3.har

17-01-2025T17:06:31 - [MESSAGE][PASSED] - Send request successfully

17-01-2025T17:06:31 - [MESSAGE][PASSED] - All links are accessible

17-01-2025T17:06:31 - [TEST_STEP][PASSED] - closeWindowIndex(1): Window with index 1 is closed

17-01-2025T17:06:31 - [MESSAGE][PASSED] - Window with index 1 is closed

17-01-2025T17:06:31 - [TEST_STEP][PASSED] - switchToWindowIndex(0): Switched to window with index: '0'

17-01-2025T17:06:31 - [MESSAGE][PASSED] - Switched to window with index: '0'

17-01-2025T17:06:31 - [TEST_STEP][PASSED] - scrollToElement(findTestObject("var_Content", ["xpath":"//body[1]/div[1]/main[1]/main[1]/div[2]/div[3]/div[1]/div[3]/div[2]/a[1]"]), 10): Scroll to object 'Object Repository/var_Content' successfully

17-01-2025T17:06:31 - [MESSAGE][PASSED] - Scroll to object 'Object Repository/var_Content' successfully

17-01-2025T17:06:31 - [TEST_STEP][PASSED] - click(findTestObject("var_Content", ["xpath":"//body[1]/div[1]/main[1]/main[1]/div[2]/div[3]/div[1]/div[4]/div[2]/a[1]"])): Object: 'Object Repository/var_Content' is clicked on

17-01-2025T17:06:32 - [MESSAGE][PASSED] - Object: 'Object Repository/var_Content' is clicked on

17-01-2025T17:06:32 - [TEST_STEP][PASSED] - verifyLinksAccessible(["https://baf-mobile-dev.oss-ap-southeast-5.aliyuncs.com/investor-relation-file/1718439730189.pdf"]): All links are accessible

17-01-2025T17:06:45 - [MESSAGE][INFO] - HAR: C:\Users\P251224001\git\BAF-website\Reports\20250117_170425\Corporate\20250117_170425\requests\main\4.har

17-01-2025T17:06:46 - [MESSAGE][PASSED] - Send request successfully

17-01-2025T17:06:46 - [MESSAGE][PASSED] - All links are accessible

17-01-2025T17:06:46 - [TEST_STEP][PASSED] - closeWindowIndex(1): Window with index 1 is closed

17-01-2025T17:06:46 - [MESSAGE][PASSED] - Window with index 1 is closed

17-01-2025T17:06:46 - [TEST_STEP][PASSED] - switchToWindowIndex(0): Switched to window with index: '0'

17-01-2025T17:06:46 - [MESSAGE][PASSED] - Switched to window with index: '0'

17-01-2025T17:06:46 - [TEST_STEP][PASSED] - scrollToElement(findTestObject("var_Content", ["xpath":"//body[1]/div[1]/main[1]/main[1]/div[2]/div[3]/div[1]/div[4]/div[2]/a[1]"]), 10): Scroll to object 'Object Repository/var_Content' successfully

17-01-2025T17:06:46 - [MESSAGE][PASSED] - Scroll to object 'Object Repository/var_Content' successfully

17-01-2025T17:06:46 - [TEST_STEP][PASSED] - click(findTestObject("var_Content", ["xpath":"//body[1]/div[1]/main[1]/main[1]/div[2]/div[3]/div[1]/div[5]/div[2]/a[1]"])): Object: 'Object Repository/var_Content' is clicked on

17-01-2025T17:06:46 - [MESSAGE][PASSED] - Object: 'Object Repository/var_Content' is clicked on

17-01-2025T17:06:46 - [TEST_STEP][PASSED] - verifyLinksAccessible(["https://baf-mobile-dev.oss-ap-southeast-5.aliyuncs.com/investor-relation-file/1718442732937.pdf"]): All links are accessible

17-01-2025T17:06:47 - [MESSAGE][INFO] - HAR: C:\Users\P251224001\git\BAF-website\Reports\20250117_170425\Corporate\20250117_170425\requests\main\5.har

17-01-2025T17:06:47 - [MESSAGE][PASSED] - Send request successfully

17-01-2025T17:06:47 - [MESSAGE][PASSED] - All links are accessible

17-01-2025T17:06:47 - [TEST_STEP][PASSED] - closeWindowIndex(1): Window with index 1 is closed

17-01-2025T17:06:47 - [MESSAGE][PASSED] - Window with index 1 is closed

17-01-2025T17:06:47 - [TEST_STEP][PASSED] - switchToWindowIndex(0): Switched to window with index: '0'

17-01-2025T17:06:47 - [MESSAGE][PASSED] - Switched to window with index: '0'

17-01-2025T17:06:47 - [TEST_STEP][PASSED] - focus(findTestObject("var_Content", ["xpath":"//body[1]/div[1]/main[1]/main[1]/div[2]/div[3]/div[2]"]), STOP_ON_FAILURE): Object: 'Object Repository/var_Content' is focused

17-01-2025T17:06:47 - [MESSAGE][PASSED] - Object: 'Object Repository/var_Content' is focused

17-01-2025T17:06:47 - [TEST_STEP][PASSED] - click(findTestObject("var_Content", ["xpath":"//body[1]/div[1]/main[1]/main[1]/div[2]/div[3]/div[2]/div[1]/button[1]"])): Object: 'Object Repository/var_Content' is clicked on

17-01-2025T17:06:48 - [MESSAGE][PASSED] - Object: 'Object Repository/var_Content' is clicked on

17-01-2025T17:06:48 - [TEST_STEP][PASSED] - click(findTestObject("link_Content", ["href":"#", "text":"10"])): Object: 'Object Repository/link_Content' is clicked on

17-01-2025T17:06:48 - [MESSAGE][PASSED] - Object: 'Object Repository/link_Content' is clicked on

17-01-2025T17:06:48 - [TEST_STEP][PASSED] - focus(findTestObject("var_Content", ["xpath":"//body[1]/div[1]/main[1]/main[1]/div[2]/div[3]/div[2]"]), STOP_ON_FAILURE): Object: 'Object Repository/var_Content' is focused

17-01-2025T17:06:50 - [MESSAGE][PASSED] - Object: 'Object Repository/var_Content' is focused

17-01-2025T17:06:50 - [TEST_STEP][PASSED] - click(findTestObject("var_Content", ["xpath":"//body[1]/div[1]/main[1]/main[1]/div[2]/div[3]/div[2]/div[1]/button[1]"])): Object: 'Object Repository/var_Content' is clicked on

17-01-2025T17:06:50 - [MESSAGE][PASSED] - Object: 'Object Repository/var_Content' is clicked on

17-01-2025T17:06:50 - [TEST_STEP][PASSED] - click(findTestObject("link_Content", ["href":"#", "text":"25"])): Object: 'Object Repository/link_Content' is clicked on

17-01-2025T17:06:50 - [MESSAGE][PASSED] - Object: 'Object Repository/link_Content' is clicked on

17-01-2025T17:06:50 - [TEST_STEP][PASSED] - focus(findTestObject("var_Content", ["xpath":"//body[1]/div[1]/main[1]/main[1]/div[2]/div[3]/div[2]"]), STOP_ON_FAILURE): Object: 'Object Repository/var_Content' is focused

17-01-2025T17:06:52 - [MESSAGE][PASSED] - Object: 'Object Repository/var_Content' is focused

17-01-2025T17:06:52 - [TEST_STEP][PASSED] - click(findTestObject("var_Content", ["xpath":"//body[1]/div[1]/main[1]/main[1]/div[2]/div[3]/div[2]/div[1]/button[1]"])): Object: 'Object Repository/var_Content' is clicked on

17-01-2025T17:06:52 - [MESSAGE][PASSED] - Object: 'Object Repository/var_Content' is clicked on

17-01-2025T17:06:52 - [TEST_STEP][PASSED] - click(findTestObject("link_Content", ["href":"#", "text":"50"])): Object: 'Object Repository/link_Content' is clicked on

17-01-2025T17:06:52 - [MESSAGE][PASSED] - Object: 'Object Repository/link_Content' is clicked on

17-01-2025T17:06:52 - [TEST_STEP][PASSED] - focus(findTestObject("var_Content", ["xpath":"//body[1]/div[1]/main[1]/main[1]/div[2]/div[3]/div[2]"]), STOP_ON_FAILURE): Object: 'Object Repository/var_Content' is focused

17-01-2025T17:06:54 - [MESSAGE][PASSED] - Object: 'Object Repository/var_Content' is focused

17-01-2025T17:06:54 - [TEST_STEP][PASSED] - click(findTestObject("var_Content", ["xpath":"//body[1]/div[1]/main[1]/main[1]/div[2]/div[3]/div[2]/div[1]/button[1]"])): Object: 'Object Repository/var_Content' is clicked on

17-01-2025T17:06:54 - [MESSAGE][PASSED] - Object: 'Object Repository/var_Content' is clicked on

17-01-2025T17:06:54 - [TEST_STEP][PASSED] - click(findTestObject("link_Content", ["href":"#", "text":"5"])): Object: 'Object Repository/link_Content' is clicked on

17-01-2025T17:06:55 - [MESSAGE][PASSED] - Object: 'Object Repository/link_Content' is clicked on

17-01-2025T17:06:55 - [TEST_STEP][PASSED] - scrollToElement(findTestObject("var_Content", ["xpath":"//body[1]/div[1]/main[1]/main[1]/div[2]/div[3]/div[1]/div[4]/div[2]/div[1]/div[1]"]), 10): Scroll to object 'Object Repository/var_Content' successfully

17-01-2025T17:06:56 - [MESSAGE][PASSED] - Scroll to object 'Object Repository/var_Content' successfully

17-01-2025T17:06:56 - [TEST_STEP][PASSED] - click(findTestObject("var_Content", ["xpath":"//body[1]/div[1]/main[1]/main[1]/div[2]/div[3]/div[2]/div[2]/button[5]"])): Object: 'Object Repository/var_Content' is clicked on

17-01-2025T17:06:56 - [MESSAGE][PASSED] - Object: 'Object Repository/var_Content' is clicked on

17-01-2025T17:06:56 - [TEST_STEP][PASSED] - focus(findTestObject("var_Content", ["xpath":"//body[1]/div[1]/main[1]/main[1]/div[2]/div[3]/div[1]"]), STOP_ON_FAILURE): Object: 'Object Repository/var_Content' is focused

17-01-2025T17:06:59 - [MESSAGE][PASSED] - Object: 'Object Repository/var_Content' is focused

17-01-2025T17:06:59 - [TEST_STEP][PASSED] - verifyElementPresent(findTestObject("var_Content", ["xpath":"//body[1]/div[1]/main[1]/main[1]/div[2]/div[3]/div[1]"]), 10): Object 'Object Repository/var_Content' is present

17-01-2025T17:06:59 - [MESSAGE][PASSED] - Object 'Object Repository/var_Content' is present

17-01-2025T17:06:59 - [TEST_STEP][PASSED] - focus(findTestObject("var_Content", ["xpath":"//body[1]/div[1]/main[1]/main[1]/div[2]/div[3]/div[2]"]), STOP_ON_FAILURE): Object: 'Object Repository/var_Content' is focused

17-01-2025T17:06:59 - [MESSAGE][PASSED] - Object: 'Object Repository/var_Content' is focused

17-01-2025T17:06:59 - [TEST_STEP][PASSED] - click(findTestObject("var_Content", ["xpath":"//body[1]/div[1]/main[1]/main[1]/div[2]/div[3]/div[2]/div[2]/button[5]"])): Object: 'Object Repository/var_Content' is clicked on

17-01-2025T17:07:00 - [MESSAGE][PASSED] - Object: 'Object Repository/var_Content' is clicked on

17-01-2025T17:07:00 - [TEST_STEP][PASSED] - focus(findTestObject("var_Content", ["xpath":"//body[1]/div[1]/main[1]/main[1]/div[2]/div[3]/div[1]"]), STOP_ON_FAILURE): Object: 'Object Repository/var_Content' is focused

17-01-2025T17:07:02 - [MESSAGE][PASSED] - Object: 'Object Repository/var_Content' is focused

17-01-2025T17:07:02 - [TEST_STEP][PASSED] - verifyElementPresent(findTestObject("var_Content", ["xpath":"//body[1]/div[1]/main[1]/main[1]/div[2]/div[3]/div[1]"]), 10): Object 'Object Repository/var_Content' is present

17-01-2025T17:07:02 - [MESSAGE][PASSED] - Object 'Object Repository/var_Content' is present

17-01-2025T17:07:02 - [TEST_STEP][PASSED] - focus(findTestObject("var_Content", ["xpath":"//body[1]/div[1]/main[1]/main[1]/div[2]/div[3]/div[2]"]), STOP_ON_FAILURE): Object: 'Object Repository/var_Content' is focused

17-01-2025T17:07:02 - [MESSAGE][PASSED] - Object: 'Object Repository/var_Content' is focused

17-01-2025T17:07:02 - [TEST_STEP][PASSED] - click(findTestObject("var_Content", ["xpath":"//body[1]/div[1]/main[1]/main[1]/div[2]/div[3]/div[2]/div[2]/button[5]"])): Object: 'Object Repository/var_Content' is clicked on

17-01-2025T17:07:03 - [MESSAGE][PASSED] - Object: 'Object Repository/var_Content' is clicked on

17-01-2025T17:07:03 - [TEST_STEP][PASSED] - focus(findTestObject("var_Content", ["xpath":"//body[1]/div[1]/main[1]/main[1]/div[2]/div[3]/div[1]"]), STOP_ON_FAILURE): Object: 'Object Repository/var_Content' is focused

17-01-2025T17:07:04 - [MESSAGE][PASSED] - Object: 'Object Repository/var_Content' is focused

[...]

17-01-2025T17:12:39 - [MESSAGE][NOT_RUN] - NOT_RUN: click(findTestObject("link_Content", ["href":"/corporate", "text":"Corporate"]))

17-01-2025T17:12:39 - [TEST_STEP][PASSED] - click(findTestObject("link_Content", ["href":"#", "text":"Corporate News and Events"])): Object: 'Object Repository/link_Content' is clicked on

17-01-2025T17:12:39 - [MESSAGE][PASSED] - Object: 'Object Repository/link_Content' is clicked on

17-01-2025T17:12:39 - [TEST_STEP][PASSED] - click(findTestObject("link_Content", ["href":"/en/corporate/CorporateNewsAndEvents/SocialResponsibility", "text":"Corporate Social Responsibility"])): Object: 'Object Repository/link_Content' is clicked on

17-01-2025T17:12:40 - [MESSAGE][PASSED] - Object: 'Object Repository/link_Content' is clicked on

17-01-2025T17:12:40 - [TEST_STEP][PASSED] - scrollToElement(findTestObject("var_Content", ["xpath":"//body[1]/div[1]/main[1]/main[1]/div[1]/div[1]/ol[1]"]), 10): Scroll to object 'Object Repository/var_Content' successfully

17-01-2025T17:12:43 - [MESSAGE][PASSED] - Scroll to object 'Object Repository/var_Content' successfully

17-01-2025T17:12:43 - [TEST_STEP][PASSED] - verifyElementPresent(findTestObject("lbl_Content", ["text":"CORPORATE SOCIAL RESPONSIBILITY"]), 10): Object 'Object Repository/lbl_Content' is present

17-01-2025T17:12:43 - [MESSAGE][PASSED] - Object 'Object Repository/lbl_Content' is present

17-01-2025T17:12:43 - [TEST_STEP][PASSED] - verifyElementPresent(findTestObject("var_Content", ["xpath":"//body[1]/div[1]/main[1]/main[1]/div[2]/div[3]"]), 10): Object 'Object Repository/var_Content' is present

17-01-2025T17:12:43 - [MESSAGE][PASSED] - Object 'Object Repository/var_Content' is present

17-01-2025T17:12:43 - [TEST_STEP][PASSED] - Start listener action : AfterTestCase: null]]></system-out>
         <system-err><![CDATA[]]></system-err>
      </testcase>
      <testcase name="Test Cases/Corporate/Corporate News and Events/RegressionTest_VerifyDisclosurePage_ElementsArePresent" time="4.352" classname="Test Cases/Corporate/Corporate News and Events/RegressionTest_VerifyDisclosurePage_ElementsArePresent" status="PASSED">
         <system-out><![CDATA[17-01-2025T17:12:43 - [TEST_CASE][PASSED] - Test Cases/Corporate/Corporate News and Events/RegressionTest_VerifyDisclosurePage_ElementsArePresent: Test Cases/Corporate/Corporate News and Events/RegressionTest_VerifyDisclosurePage_ElementsArePresent

17-01-2025T17:12:43 - [TEST_STEP][PASSED] - Start listener action : BeforeTestCase: null

17-01-2025T17:12:43 - [TEST_STEP][NOT_RUN] - click(findTestObject("link_Content", ["href":"/corporate", "text":"Corporate"])): NOT_RUN: click(findTestObject("link_Content", ["href":"/corporate", "text":"Corporate"]))

17-01-2025T17:12:43 - [MESSAGE][NOT_RUN] - NOT_RUN: click(findTestObject("link_Content", ["href":"/corporate", "text":"Corporate"]))

17-01-2025T17:12:43 - [TEST_STEP][PASSED] - click(findTestObject("link_Content", ["href":"#", "text":"Corporate News and Events"])): Object: 'Object Repository/link_Content' is clicked on

17-01-2025T17:12:44 - [MESSAGE][PASSED] - Object: 'Object Repository/link_Content' is clicked on

17-01-2025T17:12:44 - [TEST_STEP][PASSED] - click(findTestObject("link_Content", ["href":"/en/corporate/CorporateNewsAndEvents/InformationDisclosure", "text":"Disclosure"])): Object: 'Object Repository/link_Content' is clicked on

17-01-2025T17:12:44 - [MESSAGE][PASSED] - Object: 'Object Repository/link_Content' is clicked on

17-01-2025T17:12:44 - [TEST_STEP][PASSED] - scrollToElement(findTestObject("var_Content", ["xpath":"//body[1]/div[1]/main[1]/main[1]/div[1]/div[1]/ol[1]"]), 10): Scroll to object 'Object Repository/var_Content' successfully

17-01-2025T17:12:47 - [MESSAGE][PASSED] - Scroll to object 'Object Repository/var_Content' successfully

17-01-2025T17:12:47 - [TEST_STEP][PASSED] - verifyElementPresent(findTestObject("lbl_Content", ["text":"DISCLOSURE"]), 10): Object 'Object Repository/lbl_Content' is present

17-01-2025T17:12:48 - [MESSAGE][PASSED] - Object 'Object Repository/lbl_Content' is present

17-01-2025T17:12:48 - [TEST_STEP][PASSED] - Start listener action : AfterTestCase: null]]></system-out>
         <system-err><![CDATA[]]></system-err>
      </testcase>
      <testcase name="Test Cases/Corporate/Corporate News and Events/RegressionTest_VerifyNewsEventsPage_ElementsArePresent" time="9.228" classname="Test Cases/Corporate/Corporate News and Events/RegressionTest_VerifyNewsEventsPage_ElementsArePresent" status="PASSED">
         <system-out><![CDATA[17-01-2025T17:12:48 - [TEST_CASE][PASSED] - Test Cases/Corporate/Corporate News and Events/RegressionTest_VerifyNewsEventsPage_ElementsArePresent: Test Cases/Corporate/Corporate News and Events/RegressionTest_VerifyNewsEventsPage_ElementsArePresent

17-01-2025T17:12:48 - [TEST_STEP][PASSED] - Start listener action : BeforeTestCase: null

17-01-2025T17:12:48 - [TEST_STEP][NOT_RUN] - click(findTestObject("link_Content", ["href":"/corporate", "text":"Corporate"])): NOT_RUN: click(findTestObject("link_Content", ["href":"/corporate", "text":"Corporate"]))

17-01-2025T17:12:48 - [MESSAGE][NOT_RUN] - NOT_RUN: click(findTestObject("link_Content", ["href":"/corporate", "text":"Corporate"]))

17-01-2025T17:12:48 - [TEST_STEP][PASSED] - click(findTestObject("link_Content", ["href":"#", "text":"Corporate News and Events"])): Object: 'Object Repository/link_Content' is clicked on

17-01-2025T17:12:48 - [MESSAGE][PASSED] - Object: 'Object Repository/link_Content' is clicked on

17-01-2025T17:12:48 - [TEST_STEP][PASSED] - click(findTestObject("link_Content", ["href":"/en/corporate/CorporateNewsAndEvents/NewsAndEvents", "text":"News & Events"])): Object: 'Object Repository/link_Content' is clicked on

17-01-2025T17:12:49 - [MESSAGE][PASSED] - Object: 'Object Repository/link_Content' is clicked on

17-01-2025T17:12:49 - [TEST_STEP][PASSED] - scrollToElement(findTestObject("var_Content", ["xpath":"//body[1]/div[1]/main[1]/main[1]/div[1]/div[1]/ol[1]"]), 10): Scroll to object 'Object Repository/var_Content' successfully

17-01-2025T17:12:56 - [MESSAGE][PASSED] - Scroll to object 'Object Repository/var_Content' successfully

17-01-2025T17:12:56 - [TEST_STEP][PASSED] - verifyElementPresent(findTestObject("lbl_Content", ["text":"NEWS & EVENTS"]), 10): Object 'Object Repository/lbl_Content' is present

17-01-2025T17:12:57 - [MESSAGE][PASSED] - Object 'Object Repository/lbl_Content' is present

17-01-2025T17:12:57 - [TEST_STEP][PASSED] - verifyElementPresent(findTestObject("var_Content", ["xpath":"//body[1]/div[1]/main[1]/main[1]/div[3]/div[1]/div[1]/div[1]/div[1]/div[1]"]), 10): Object 'Object Repository/var_Content' is present

17-01-2025T17:12:57 - [MESSAGE][PASSED] - Object 'Object Repository/var_Content' is present

17-01-2025T17:12:57 - [TEST_STEP][PASSED] - Start listener action : AfterTestCase: null]]></system-out>
         <system-err><![CDATA[]]></system-err>
      </testcase>
      <system-out><![CDATA[17-01-2025T17:04:31 - [TEST_SUITE][FAILED] - Corporate: Test Cases/Corporate/Financial Literacy/RegressionTest_VerifyLibraryPage_ElementsArePresent FAILED.
Reason:
com.kms.katalon.core.exception.StepFailedException: Unable to click on object 'Object Repository/var_Content'
	at com.kms.katalon.core.webui.keyword.internal.WebUIKeywordMain.stepFailed(WebUIKeywordMain.groovy:117)
	at com.kms.katalon.core.webui.keyword.internal.WebUIKeywordMain.runKeyword(WebUIKeywordMain.groovy:43)
	at com.kms.katalon.core.webui.keyword.builtin.ClickKeyword.click(ClickKeyword.groovy:75)
	at com.kms.katalon.core.webui.keyword.builtin.ClickKeyword.execute(ClickKeyword.groovy:40)
	at com.kms.katalon.core.keyword.internal.KeywordExecutor.executeKeywordForPlatform(KeywordExecutor.groovy:74)
	at com.kms.katalon.core.webui.keyword.WebUiBuiltInKeywords.click(WebUiBuiltInKeywords.groovy:696)
	at RegressionTest_VerifyLibraryPage_ElementsArePresent.run(RegressionTest_VerifyLibraryPage_ElementsArePresent:136)
	at com.kms.katalon.core.main.ScriptEngine.run(ScriptEngine.java:194)
	at com.kms.katalon.core.main.ScriptEngine.runScriptAsRawText(ScriptEngine.java:119)
	at com.kms.katalon.core.main.TestCaseExecutor.runScript(TestCaseExecutor.java:448)
	at com.kms.katalon.core.main.TestCaseExecutor.doExecute(TestCaseExecutor.java:439)
	at com.kms.katalon.core.main.TestCaseExecutor.processExecutionPhase(TestCaseExecutor.java:418)
	at com.kms.katalon.core.main.TestCaseExecutor.accessMainPhase(TestCaseExecutor.java:410)
	at com.kms.katalon.core.main.TestCaseExecutor.execute(TestCaseExecutor.java:285)
	at com.kms.katalon.core.common.CommonExecutor.accessTestCaseMainPhase(CommonExecutor.java:65)
	at com.kms.katalon.core.main.TestSuiteExecutor.accessTestSuiteMainPhase(TestSuiteExecutor.java:161)
	at com.kms.katalon.core.main.TestSuiteExecutor.execute(TestSuiteExecutor.java:107)
	at com.kms.katalon.core.main.TestCaseMain.startTestSuite(TestCaseMain.java:176)
	at TempTestSuite1737108265632.run(TempTestSuite1737108265632.groovy:35)
	at java.base/jdk.internal.reflect.NativeMethodAccessorImpl.invoke0(Native Method)
	at java.base/jdk.internal.reflect.NativeMethodAccessorImpl.invoke(NativeMethodAccessorImpl.java:77)
	at java.base/jdk.internal.reflect.DelegatingMethodAccessorImpl.invoke(DelegatingMethodAccessorImpl.java:43)
Caused by: org.openqa.selenium.ElementClickInterceptedException: element click intercepted: Element is not clickable at point (151, 915)
  (Session info: chrome=131.0.6778.266)
Build info: version: '4.22.0', revision: 'c5f3146703'
System info: os.name: 'Windows 11', os.arch: 'amd64', os.version: '10.0', java.version: '17.0.7'
Driver info: com.kms.katalon.selenium.driver.CChromeDriver
Command: [1e1019c1265faa60e377617306944e37, clickElement {id=f.9BD578D686489B5E099FEB1067153CE9.d.C460A32D66B00C87EADB084E90C8D3F5.e.1002}]
Capabilities {acceptInsecureCerts: false, browserName: chrome, browserVersion: 131.0.6778.266, chrome: {chromedriverVersion: 131.0.6778.85 (3d81e41b6f3a..., userDataDir: C:\Users\P25122~1\AppData\L...}, fedcm:accounts: true, goog:chromeOptions: {debuggerAddress: localhost:63453}, networkConnectionEnabled: false, pageLoadStrategy: normal, platformName: windows, proxy: Proxy(), se:cdp: ws://localhost:63453/devtoo..., se:cdpVersion: 131.0.6778.266, setWindowRect: true, strictFileInteractability: false, timeouts: {implicit: 0, pageLoad: 300000, script: 30000}, unhandledPromptBehavior: ignore, webSocketUrl: ws://localhost:30814/sessio..., webauthn:extension:credBlob: true, webauthn:extension:largeBlob: true, webauthn:extension:minPinLength: true, webauthn:extension:prf: true, webauthn:virtualAuthenticators: true}
Element: [[CChromeDriver: chrome on windows (1e1019c1265faa60e377617306944e37)] -> xpath: //body[1]/div[1]/main[1]/main[1]/div[2]/div[2]/div[1]/div[1]/div[1]/div[1]/div[1]/div[3]/div[2]/div[1]/button[1]]
Session ID: 1e1019c1265faa60e377617306944e37
	at java.base/jdk.internal.reflect.NativeConstructorAccessorImpl.newInstance0(Native Method)
	at java.base/jdk.internal.reflect.NativeConstructorAccessorImpl.newInstance(NativeConstructorAccessorImpl.java:77)
	at java.base/jdk.internal.reflect.DelegatingConstructorAccessorImpl.newInstance(DelegatingConstructorAccessorImpl.java:45)
	at org.openqa.selenium.remote.ErrorCodec.decode(ErrorCodec.java:167)
	at org.openqa.selenium.remote.codec.w3c.W3CHttpResponseCodec.decode(W3CHttpResponseCodec.java:138)
	at org.openqa.selenium.remote.codec.w3c.W3CHttpResponseCodec.decode(W3CHttpResponseCodec.java:50)
	at org.openqa.selenium.remote.HttpCommandExecutor.execute(HttpCommandExecutor.java:190)
	at org.openqa.selenium.remote.service.DriverCommandExecutor.invokeExecute(DriverCommandExecutor.java:216)
	at org.openqa.selenium.remote.service.DriverCommandExecutor.execute(DriverCommandExecutor.java:174)
	at org.openqa.selenium.remote.RemoteWebDriver.execute(RemoteWebDriver.java:518)
	at org.openqa.selenium.remote.RemoteWebElement.execute(RemoteWebElement.java:223)
	at org.openqa.selenium.remote.RemoteWebElement.click(RemoteWebElement.java:76)
	at jdk.internal.reflect.GeneratedMethodAccessor26.invoke(Unknown Source)
	at java.base/jdk.internal.reflect.DelegatingMethodAccessorImpl.invoke(DelegatingMethodAccessorImpl.java:43)
	at org.openqa.selenium.support.decorators.WebDriverDecorator.call(WebDriverDecorator.java:249)
	at org.openqa.selenium.support.decorators.DefaultDecorated.call(DefaultDecorated.java:48)
	at org.openqa.selenium.support.decorators.WebDriverDecorator.lambda$createProxy$2(WebDriverDecorator.java:321)
	at net.bytebuddy.renamed.java.lang.Object$ByteBuddy$yb9Ovgnv.click(Unknown Source)
	at org.openqa.selenium.WebElement$click.call(Unknown Source)
	at com.kms.katalon.core.webui.keyword.builtin.ClickKeyword.clickUntilSuccessWithTimeout(ClickKeyword.groovy:82)
	at com.kms.katalon.core.webui.keyword.builtin.ClickKeyword.clickUntilSuccessWithTimeout(ClickKeyword.groovy)
	at jdk.internal.reflect.GeneratedMethodAccessor24.invoke(Unknown Source)
	at java.base/jdk.internal.reflect.DelegatingMethodAccessorImpl.invoke(DelegatingMethodAccessorImpl.java:43)
	at com.kms.katalon.core.webui.keyword.builtin.ClickKeyword$_click_closure1.doCall(ClickKeyword.groovy:68)
	at com.kms.katalon.core.webui.keyword.builtin.ClickKeyword$_click_closure1.call(ClickKeyword.groovy)
	at com.kms.katalon.core.webui.keyword.internal.WebUIKeywordMain.runKeyword(WebUIKeywordMain.groovy:35)
	... 20 more]]></system-out>
      <system-err><![CDATA[17-01-2025T17:04:31 - [TEST_SUITE][FAILED] - Corporate: Test Cases/Corporate/Financial Literacy/RegressionTest_VerifyLibraryPage_ElementsArePresent FAILED.
Reason:
com.kms.katalon.core.exception.StepFailedException: Unable to click on object 'Object Repository/var_Content'
	at com.kms.katalon.core.webui.keyword.internal.WebUIKeywordMain.stepFailed(WebUIKeywordMain.groovy:117)
	at com.kms.katalon.core.webui.keyword.internal.WebUIKeywordMain.runKeyword(WebUIKeywordMain.groovy:43)
	at com.kms.katalon.core.webui.keyword.builtin.ClickKeyword.click(ClickKeyword.groovy:75)
	at com.kms.katalon.core.webui.keyword.builtin.ClickKeyword.execute(ClickKeyword.groovy:40)
	at com.kms.katalon.core.keyword.internal.KeywordExecutor.executeKeywordForPlatform(KeywordExecutor.groovy:74)
	at com.kms.katalon.core.webui.keyword.WebUiBuiltInKeywords.click(WebUiBuiltInKeywords.groovy:696)
	at RegressionTest_VerifyLibraryPage_ElementsArePresent.run(RegressionTest_VerifyLibraryPage_ElementsArePresent:136)
	at com.kms.katalon.core.main.ScriptEngine.run(ScriptEngine.java:194)
	at com.kms.katalon.core.main.ScriptEngine.runScriptAsRawText(ScriptEngine.java:119)
	at com.kms.katalon.core.main.TestCaseExecutor.runScript(TestCaseExecutor.java:448)
	at com.kms.katalon.core.main.TestCaseExecutor.doExecute(TestCaseExecutor.java:439)
	at com.kms.katalon.core.main.TestCaseExecutor.processExecutionPhase(TestCaseExecutor.java:418)
	at com.kms.katalon.core.main.TestCaseExecutor.accessMainPhase(TestCaseExecutor.java:410)
	at com.kms.katalon.core.main.TestCaseExecutor.execute(TestCaseExecutor.java:285)
	at com.kms.katalon.core.common.CommonExecutor.accessTestCaseMainPhase(CommonExecutor.java:65)
	at com.kms.katalon.core.main.TestSuiteExecutor.accessTestSuiteMainPhase(TestSuiteExecutor.java:161)
	at com.kms.katalon.core.main.TestSuiteExecutor.execute(TestSuiteExecutor.java:107)
	at com.kms.katalon.core.main.TestCaseMain.startTestSuite(TestCaseMain.java:176)
	at TempTestSuite1737108265632.run(TempTestSuite1737108265632.groovy:35)
	at java.base/jdk.internal.reflect.NativeMethodAccessorImpl.invoke0(Native Method)
	at java.base/jdk.internal.reflect.NativeMethodAccessorImpl.invoke(NativeMethodAccessorImpl.java:77)
	at java.base/jdk.internal.reflect.DelegatingMethodAccessorImpl.invoke(DelegatingMethodAccessorImpl.java:43)
Caused by: org.openqa.selenium.ElementClickInterceptedException: element click intercepted: Element is not clickable at point (151, 915)
  (Session info: chrome=131.0.6778.266)
Build info: version: '4.22.0', revision: 'c5f3146703'
System info: os.name: 'Windows 11', os.arch: 'amd64', os.version: '10.0', java.version: '17.0.7'
Driver info: com.kms.katalon.selenium.driver.CChromeDriver
Command: [1e1019c1265faa60e377617306944e37, clickElement {id=f.9BD578D686489B5E099FEB1067153CE9.d.C460A32D66B00C87EADB084E90C8D3F5.e.1002}]
Capabilities {acceptInsecureCerts: false, browserName: chrome, browserVersion: 131.0.6778.266, chrome: {chromedriverVersion: 131.0.6778.85 (3d81e41b6f3a..., userDataDir: C:\Users\P25122~1\AppData\L...}, fedcm:accounts: true, goog:chromeOptions: {debuggerAddress: localhost:63453}, networkConnectionEnabled: false, pageLoadStrategy: normal, platformName: windows, proxy: Proxy(), se:cdp: ws://localhost:63453/devtoo..., se:cdpVersion: 131.0.6778.266, setWindowRect: true, strictFileInteractability: false, timeouts: {implicit: 0, pageLoad: 300000, script: 30000}, unhandledPromptBehavior: ignore, webSocketUrl: ws://localhost:30814/sessio..., webauthn:extension:credBlob: true, webauthn:extension:largeBlob: true, webauthn:extension:minPinLength: true, webauthn:extension:prf: true, webauthn:virtualAuthenticators: true}
Element: [[CChromeDriver: chrome on windows (1e1019c1265faa60e377617306944e37)] -> xpath: //body[1]/div[1]/main[1]/main[1]/div[2]/div[2]/div[1]/div[1]/div[1]/div[1]/div[1]/div[3]/div[2]/div[1]/button[1]]
Session ID: 1e1019c1265faa60e377617306944e37
	at java.base/jdk.internal.reflect.NativeConstructorAccessorImpl.newInstance0(Native Method)
	at java.base/jdk.internal.reflect.NativeConstructorAccessorImpl.newInstance(NativeConstructorAccessorImpl.java:77)
	at java.base/jdk.internal.reflect.DelegatingConstructorAccessorImpl.newInstance(DelegatingConstructorAccessorImpl.java:45)
	at org.openqa.selenium.remote.ErrorCodec.decode(ErrorCodec.java:167)
	at org.openqa.selenium.remote.codec.w3c.W3CHttpResponseCodec.decode(W3CHttpResponseCodec.java:138)
	at org.openqa.selenium.remote.codec.w3c.W3CHttpResponseCodec.decode(W3CHttpResponseCodec.java:50)
	at org.openqa.selenium.remote.HttpCommandExecutor.execute(HttpCommandExecutor.java:190)
	at org.openqa.selenium.remote.service.DriverCommandExecutor.invokeExecute(DriverCommandExecutor.java:216)
	at org.openqa.selenium.remote.service.DriverCommandExecutor.execute(DriverCommandExecutor.java:174)
	at org.openqa.selenium.remote.RemoteWebDriver.execute(RemoteWebDriver.java:518)
	at org.openqa.selenium.remote.RemoteWebElement.execute(RemoteWebElement.java:223)
	at org.openqa.selenium.remote.RemoteWebElement.click(RemoteWebElement.java:76)
	at jdk.internal.reflect.GeneratedMethodAccessor26.invoke(Unknown Source)
	at java.base/jdk.internal.reflect.DelegatingMethodAccessorImpl.invoke(DelegatingMethodAccessorImpl.java:43)
	at org.openqa.selenium.support.decorators.WebDriverDecorator.call(WebDriverDecorator.java:249)
	at org.openqa.selenium.support.decorators.DefaultDecorated.call(DefaultDecorated.java:48)
	at org.openqa.selenium.support.decorators.WebDriverDecorator.lambda$createProxy$2(WebDriverDecorator.java:321)
	at net.bytebuddy.renamed.java.lang.Object$ByteBuddy$yb9Ovgnv.click(Unknown Source)
	at org.openqa.selenium.WebElement$click.call(Unknown Source)
	at com.kms.katalon.core.webui.keyword.builtin.ClickKeyword.clickUntilSuccessWithTimeout(ClickKeyword.groovy:82)
	at com.kms.katalon.core.webui.keyword.builtin.ClickKeyword.clickUntilSuccessWithTimeout(ClickKeyword.groovy)
	at jdk.internal.reflect.GeneratedMethodAccessor24.invoke(Unknown Source)
	at java.base/jdk.internal.reflect.DelegatingMethodAccessorImpl.invoke(DelegatingMethodAccessorImpl.java:43)
	at com.kms.katalon.core.webui.keyword.builtin.ClickKeyword$_click_closure1.doCall(ClickKeyword.groovy:68)
	at com.kms.katalon.core.webui.keyword.builtin.ClickKeyword$_click_closure1.call(ClickKeyword.groovy)
	at com.kms.katalon.core.webui.keyword.internal.WebUIKeywordMain.runKeyword(WebUIKeywordMain.groovy:35)
	... 20 more]]></system-err>
   </testsuite>
</testsuites>
